CRITICAL - 2022-02-18 09:34:45 --> Undefined array key "foto"
#0 D:\xampp\htdocs\kinesport\app\Controllers\API\Usuarios.php(149): CodeIgniter\Debug\Exceptions->errorHandler(2, 'Undefined array...', 'D:\\xampp\\htdocs...', 149)
#1 D:\xampp\htdocs\kinesport\system\CodeIgniter.php(824): App\Controllers\API\Usuarios->upfile()
#2 D:\xampp\htdocs\kinesport\system\CodeIgniter.php(410): CodeIgniter\CodeIgniter->runController(Object(App\Controllers\API\Usuarios))
#3 D:\xampp\htdocs\kinesport\system\CodeIgniter.php(318): CodeIgniter\CodeIgniter->handleRequest(NULL, Object(Config\Cache), false)
#4 D:\xampp\htdocs\kinesport\index.php(44): CodeIgniter\CodeIgniter->run()
#5 {main}
CRITICAL - 2022-02-18 09:42:49 --> mkdir(): No such file or directory
#0 [internal function]: CodeIgniter\Debug\Exceptions->errorHandler(2, 'mkdir(): No suc...', 'D:\\xampp\\htdocs...', 157)
#1 D:\xampp\htdocs\kinesport\app\Controllers\API\Usuarios.php(157): mkdir('images/13357077...', 511, true)
#2 D:\xampp\htdocs\kinesport\system\CodeIgniter.php(824): App\Controllers\API\Usuarios->upfile()
#3 D:\xampp\htdocs\kinesport\system\CodeIgniter.php(410): CodeIgniter\CodeIgniter->runController(Object(App\Controllers\API\Usuarios))
#4 D:\xampp\htdocs\kinesport\system\CodeIgniter.php(318): CodeIgniter\CodeIgniter->handleRequest(NULL, Object(Config\Cache), false)
#5 D:\xampp\htdocs\kinesport\index.php(44): CodeIgniter\CodeIgniter->run()
#6 {main}
CRITICAL - 2022-02-18 10:23:33 --> Undefined array key "foto"
#0 D:\xampp\htdocs\kinesport\app\Controllers\API\Usuarios.php(150): CodeIgniter\Debug\Exceptions->errorHandler(2, 'Undefined array...', 'D:\\xampp\\htdocs...', 150)
#1 D:\xampp\htdocs\kinesport\system\CodeIgniter.php(824): App\Controllers\API\Usuarios->upfile()
#2 D:\xampp\htdocs\kinesport\system\CodeIgniter.php(410): CodeIgniter\CodeIgniter->runController(Object(App\Controllers\API\Usuarios))
#3 D:\xampp\htdocs\kinesport\system\CodeIgniter.php(318): CodeIgniter\CodeIgniter->handleRequest(NULL, Object(Config\Cache), false)
#4 D:\xampp\htdocs\kinesport\index.php(44): CodeIgniter\CodeIgniter->run()
#5 {main}
CRITICAL - 2022-02-18 10:25:38 --> Undefined array key "foto"
#0 D:\xampp\htdocs\kinesport\app\Controllers\API\Usuarios.php(150): CodeIgniter\Debug\Exceptions->errorHandler(2, 'Undefined array...', 'D:\\xampp\\htdocs...', 150)
#1 D:\xampp\htdocs\kinesport\system\CodeIgniter.php(824): App\Controllers\API\Usuarios->upfile()
#2 D:\xampp\htdocs\kinesport\system\CodeIgniter.php(410): CodeIgniter\CodeIgniter->runController(Object(App\Controllers\API\Usuarios))
#3 D:\xampp\htdocs\kinesport\system\CodeIgniter.php(318): CodeIgniter\CodeIgniter->handleRequest(NULL, Object(Config\Cache), false)
#4 D:\xampp\htdocs\kinesport\index.php(44): CodeIgniter\CodeIgniter->run()
#5 {main}
CRITICAL - 2022-02-18 10:27:24 --> Undefined array key "foto"
#0 D:\xampp\htdocs\kinesport\app\Controllers\API\Usuarios.php(150): CodeIgniter\Debug\Exceptions->errorHandler(2, 'Undefined array...', 'D:\\xampp\\htdocs...', 150)
#1 D:\xampp\htdocs\kinesport\system\CodeIgniter.php(824): App\Controllers\API\Usuarios->upfile()
#2 D:\xampp\htdocs\kinesport\system\CodeIgniter.php(410): CodeIgniter\CodeIgniter->runController(Object(App\Controllers\API\Usuarios))
#3 D:\xampp\htdocs\kinesport\system\CodeIgniter.php(318): CodeIgniter\CodeIgniter->handleRequest(NULL, Object(Config\Cache), false)
#4 D:\xampp\htdocs\kinesport\index.php(44): CodeIgniter\CodeIgniter->run()
#5 {main}
CRITICAL - 2022-02-18 10:31:53 --> Undefined array key "foto"
#0 D:\xampp\htdocs\kinesport\app\Controllers\API\Usuarios.php(150): CodeIgniter\Debug\Exceptions->errorHandler(2, 'Undefined array...', 'D:\\xampp\\htdocs...', 150)
#1 D:\xampp\htdocs\kinesport\system\CodeIgniter.php(824): App\Controllers\API\Usuarios->upfile()
#2 D:\xampp\htdocs\kinesport\system\CodeIgniter.php(410): CodeIgniter\CodeIgniter->runController(Object(App\Controllers\API\Usuarios))
#3 D:\xampp\htdocs\kinesport\system\CodeIgniter.php(318): CodeIgniter\CodeIgniter->handleRequest(NULL, Object(Config\Cache), false)
#4 D:\xampp\htdocs\kinesport\index.php(44): CodeIgniter\CodeIgniter->run()
#5 {main}
CRITICAL - 2022-02-18 10:35:31 --> Undefined array key "foto"
#0 D:\xampp\htdocs\kinesport\app\Controllers\API\Usuarios.php(150): CodeIgniter\Debug\Exceptions->errorHandler(2, 'Undefined array...', 'D:\\xampp\\htdocs...', 150)
#1 D:\xampp\htdocs\kinesport\system\CodeIgniter.php(824): App\Controllers\API\Usuarios->upfile()
#2 D:\xampp\htdocs\kinesport\system\CodeIgniter.php(410): CodeIgniter\CodeIgniter->runController(Object(App\Controllers\API\Usuarios))
#3 D:\xampp\htdocs\kinesport\system\CodeIgniter.php(318): CodeIgniter\CodeIgniter->handleRequest(NULL, Object(Config\Cache), false)
#4 D:\xampp\htdocs\kinesport\index.php(44): CodeIgniter\CodeIgniter->run()
#5 {main}
CRITICAL - 2022-02-18 10:42:37 --> Undefined array key "foto"
#0 D:\xampp\htdocs\kinesport\app\Controllers\API\Usuarios.php(150): CodeIgniter\Debug\Exceptions->errorHandler(2, 'Undefined array...', 'D:\\xampp\\htdocs...', 150)
#1 D:\xampp\htdocs\kinesport\system\CodeIgniter.php(824): App\Controllers\API\Usuarios->upfile()
#2 D:\xampp\htdocs\kinesport\system\CodeIgniter.php(410): CodeIgniter\CodeIgniter->runController(Object(App\Controllers\API\Usuarios))
#3 D:\xampp\htdocs\kinesport\system\CodeIgniter.php(318): CodeIgniter\CodeIgniter->handleRequest(NULL, Object(Config\Cache), false)
#4 D:\xampp\htdocs\kinesport\index.php(44): CodeIgniter\CodeIgniter->run()
#5 {main}
CRITICAL - 2022-02-18 10:44:23 --> Undefined array key "foto"
#0 D:\xampp\htdocs\kinesport\app\Controllers\API\Usuarios.php(150): CodeIgniter\Debug\Exceptions->errorHandler(2, 'Undefined array...', 'D:\\xampp\\htdocs...', 150)
#1 D:\xampp\htdocs\kinesport\system\CodeIgniter.php(824): App\Controllers\API\Usuarios->upfile()
#2 D:\xampp\htdocs\kinesport\system\CodeIgniter.php(410): CodeIgniter\CodeIgniter->runController(Object(App\Controllers\API\Usuarios))
#3 D:\xampp\htdocs\kinesport\system\CodeIgniter.php(318): CodeIgniter\CodeIgniter->handleRequest(NULL, Object(Config\Cache), false)
#4 D:\xampp\htdocs\kinesport\index.php(44): CodeIgniter\CodeIgniter->run()
#5 {main}
CRITICAL - 2022-02-18 10:46:21 --> Undefined array key "foto"
#0 D:\xampp\htdocs\kinesport\app\Controllers\API\Usuarios.php(150): CodeIgniter\Debug\Exceptions->errorHandler(2, 'Undefined array...', 'D:\\xampp\\htdocs...', 150)
#1 D:\xampp\htdocs\kinesport\system\CodeIgniter.php(824): App\Controllers\API\Usuarios->upfile()
#2 D:\xampp\htdocs\kinesport\system\CodeIgniter.php(410): CodeIgniter\CodeIgniter->runController(Object(App\Controllers\API\Usuarios))
#3 D:\xampp\htdocs\kinesport\system\CodeIgniter.php(318): CodeIgniter\CodeIgniter->handleRequest(NULL, Object(Config\Cache), false)
#4 D:\xampp\htdocs\kinesport\index.php(44): CodeIgniter\CodeIgniter->run()
#5 {main}
CRITICAL - 2022-02-18 10:48:22 --> Undefined array key "foto"
#0 D:\xampp\htdocs\kinesport\app\Controllers\API\Usuarios.php(150): CodeIgniter\Debug\Exceptions->errorHandler(2, 'Undefined array...', 'D:\\xampp\\htdocs...', 150)
#1 D:\xampp\htdocs\kinesport\system\CodeIgniter.php(824): App\Controllers\API\Usuarios->upfile()
#2 D:\xampp\htdocs\kinesport\system\CodeIgniter.php(410): CodeIgniter\CodeIgniter->runController(Object(App\Controllers\API\Usuarios))
#3 D:\xampp\htdocs\kinesport\system\CodeIgniter.php(318): CodeIgniter\CodeIgniter->handleRequest(NULL, Object(Config\Cache), false)
#4 D:\xampp\htdocs\kinesport\index.php(44): CodeIgniter\CodeIgniter->run()
#5 {main}
CRITICAL - 2022-02-18 10:48:32 --> Undefined array key "foto"
#0 D:\xampp\htdocs\kinesport\app\Controllers\API\Usuarios.php(150): CodeIgniter\Debug\Exceptions->errorHandler(2, 'Undefined array...', 'D:\\xampp\\htdocs...', 150)
#1 D:\xampp\htdocs\kinesport\system\CodeIgniter.php(824): App\Controllers\API\Usuarios->upfile()
#2 D:\xampp\htdocs\kinesport\system\CodeIgniter.php(410): CodeIgniter\CodeIgniter->runController(Object(App\Controllers\API\Usuarios))
#3 D:\xampp\htdocs\kinesport\system\CodeIgniter.php(318): CodeIgniter\CodeIgniter->handleRequest(NULL, Object(Config\Cache), false)
#4 D:\xampp\htdocs\kinesport\index.php(44): CodeIgniter\CodeIgniter->run()
#5 {main}
CRITICAL - 2022-02-18 10:51:28 --> Undefined array key "foto"
#0 D:\xampp\htdocs\kinesport\app\Controllers\API\Usuarios.php(150): CodeIgniter\Debug\Exceptions->errorHandler(2, 'Undefined array...', 'D:\\xampp\\htdocs...', 150)
#1 D:\xampp\htdocs\kinesport\system\CodeIgniter.php(824): App\Controllers\API\Usuarios->upfile()
#2 D:\xampp\htdocs\kinesport\system\CodeIgniter.php(410): CodeIgniter\CodeIgniter->runController(Object(App\Controllers\API\Usuarios))
#3 D:\xampp\htdocs\kinesport\system\CodeIgniter.php(318): CodeIgniter\CodeIgniter->handleRequest(NULL, Object(Config\Cache), false)
#4 D:\xampp\htdocs\kinesport\index.php(44): CodeIgniter\CodeIgniter->run()
#5 {main}
CRITICAL - 2022-02-18 10:55:58 --> Undefined array key "foto"
#0 D:\xampp\htdocs\kinesport\app\Controllers\API\Usuarios.php(150): CodeIgniter\Debug\Exceptions->errorHandler(2, 'Undefined array...', 'D:\\xampp\\htdocs...', 150)
#1 D:\xampp\htdocs\kinesport\system\CodeIgniter.php(824): App\Controllers\API\Usuarios->upfile()
#2 D:\xampp\htdocs\kinesport\system\CodeIgniter.php(410): CodeIgniter\CodeIgniter->runController(Object(App\Controllers\API\Usuarios))
#3 D:\xampp\htdocs\kinesport\system\CodeIgniter.php(318): CodeIgniter\CodeIgniter->handleRequest(NULL, Object(Config\Cache), false)
#4 D:\xampp\htdocs\kinesport\index.php(44): CodeIgniter\CodeIgniter->run()
#5 {main}
CRITICAL - 2022-02-18 10:57:45 --> Undefined array key "foto"
#0 D:\xampp\htdocs\kinesport\app\Controllers\API\Usuarios.php(150): CodeIgniter\Debug\Exceptions->errorHandler(2, 'Undefined array...', 'D:\\xampp\\htdocs...', 150)
#1 D:\xampp\htdocs\kinesport\system\CodeIgniter.php(824): App\Controllers\API\Usuarios->upfile()
#2 D:\xampp\htdocs\kinesport\system\CodeIgniter.php(410): CodeIgniter\CodeIgniter->runController(Object(App\Controllers\API\Usuarios))
#3 D:\xampp\htdocs\kinesport\system\CodeIgniter.php(318): CodeIgniter\CodeIgniter->handleRequest(NULL, Object(Config\Cache), false)
#4 D:\xampp\htdocs\kinesport\index.php(44): CodeIgniter\CodeIgniter->run()
#5 {main}
CRITICAL - 2022-02-18 11:00:51 --> Undefined array key "foto"
#0 D:\xampp\htdocs\kinesport\app\Controllers\API\Usuarios.php(150): CodeIgniter\Debug\Exceptions->errorHandler(2, 'Undefined array...', 'D:\\xampp\\htdocs...', 150)
#1 D:\xampp\htdocs\kinesport\system\CodeIgniter.php(824): App\Controllers\API\Usuarios->upfile()
#2 D:\xampp\htdocs\kinesport\system\CodeIgniter.php(410): CodeIgniter\CodeIgniter->runController(Object(App\Controllers\API\Usuarios))
#3 D:\xampp\htdocs\kinesport\system\CodeIgniter.php(318): CodeIgniter\CodeIgniter->handleRequest(NULL, Object(Config\Cache), false)
#4 D:\xampp\htdocs\kinesport\index.php(44): CodeIgniter\CodeIgniter->run()
#5 {main}
CRITICAL - 2022-02-18 11:03:02 --> Undefined array key "foto"
#0 D:\xampp\htdocs\kinesport\app\Controllers\API\Usuarios.php(150): CodeIgniter\Debug\Exceptions->errorHandler(2, 'Undefined array...', 'D:\\xampp\\htdocs...', 150)
#1 D:\xampp\htdocs\kinesport\system\CodeIgniter.php(824): App\Controllers\API\Usuarios->upfile()
#2 D:\xampp\htdocs\kinesport\system\CodeIgniter.php(410): CodeIgniter\CodeIgniter->runController(Object(App\Controllers\API\Usuarios))
#3 D:\xampp\htdocs\kinesport\system\CodeIgniter.php(318): CodeIgniter\CodeIgniter->handleRequest(NULL, Object(Config\Cache), false)
#4 D:\xampp\htdocs\kinesport\index.php(44): CodeIgniter\CodeIgniter->run()
#5 {main}
CRITICAL - 2022-02-18 11:09:01 --> Undefined array key "foto"
#0 D:\xampp\htdocs\kinesport\app\Controllers\API\Usuarios.php(150): CodeIgniter\Debug\Exceptions->errorHandler(2, 'Undefined array...', 'D:\\xampp\\htdocs...', 150)
#1 D:\xampp\htdocs\kinesport\system\CodeIgniter.php(824): App\Controllers\API\Usuarios->upfile()
#2 D:\xampp\htdocs\kinesport\system\CodeIgniter.php(410): CodeIgniter\CodeIgniter->runController(Object(App\Controllers\API\Usuarios))
#3 D:\xampp\htdocs\kinesport\system\CodeIgniter.php(318): CodeIgniter\CodeIgniter->handleRequest(NULL, Object(Config\Cache), false)
#4 D:\xampp\htdocs\kinesport\index.php(44): CodeIgniter\CodeIgniter->run()
#5 {main}
CRITICAL - 2022-02-18 17:35:02 --> Undefined array key "foto"
#0 C:\xampp4\htdocs\kinesport\app\Controllers\API\Usuarios.php(150): CodeIgniter\Debug\Exceptions->errorHandler(2, 'Undefined array...', 'C:\\xampp4\\htdoc...', 150)
#1 C:\xampp4\htdocs\kinesport\system\CodeIgniter.php(824): App\Controllers\API\Usuarios->upfile()
#2 C:\xampp4\htdocs\kinesport\system\CodeIgniter.php(410): CodeIgniter\CodeIgniter->runController(Object(App\Controllers\API\Usuarios))
#3 C:\xampp4\htdocs\kinesport\system\CodeIgniter.php(318): CodeIgniter\CodeIgniter->handleRequest(NULL, Object(Config\Cache), false)
#4 C:\xampp4\htdocs\kinesport\index.php(44): CodeIgniter\CodeIgniter->run()
#5 {main}
CRITICAL - 2022-02-18 17:36:48 --> Undefined array key "foto"
#0 C:\xampp4\htdocs\kinesport\app\Controllers\API\Usuarios.php(150): CodeIgniter\Debug\Exceptions->errorHandler(2, 'Undefined array...', 'C:\\xampp4\\htdoc...', 150)
#1 C:\xampp4\htdocs\kinesport\system\CodeIgniter.php(824): App\Controllers\API\Usuarios->upfile()
#2 C:\xampp4\htdocs\kinesport\system\CodeIgniter.php(410): CodeIgniter\CodeIgniter->runController(Object(App\Controllers\API\Usuarios))
#3 C:\xampp4\htdocs\kinesport\system\CodeIgniter.php(318): CodeIgniter\CodeIgniter->handleRequest(NULL, Object(Config\Cache), false)
#4 C:\xampp4\htdocs\kinesport\index.php(44): CodeIgniter\CodeIgniter->run()
#5 {main}
