CRITICAL - 2022-04-19 23:32:50 --> Undefined property: stdClass::$fecha
#0 D:\xampp\htdocs\kinesport\app\Controllers\API\Horarios.php(24): CodeIgniter\Debug\Exceptions->errorHandler(2, 'Undefined prope...', 'D:\\xampp\\htdocs...', 24)
#1 D:\xampp\htdocs\kinesport\system\CodeIgniter.php(824): App\Controllers\API\Horarios->listahorarios()
#2 D:\xampp\htdocs\kinesport\system\CodeIgniter.php(410): CodeIgniter\CodeIgniter->runController(Object(App\Controllers\API\Horarios))
#3 D:\xampp\htdocs\kinesport\system\CodeIgniter.php(318): CodeIgniter\CodeIgniter->handleRequest(NULL, Object(Config\Cache), false)
#4 D:\xampp\htdocs\kinesport\index.php(44): CodeIgniter\CodeIgniter->run()
#5 {main}
CRITICAL - 2022-04-19 23:50:47 --> Attempt to read property "fecha" on null
#0 D:\xampp\htdocs\kinesport\app\Controllers\API\Horarios.php(24): CodeIgniter\Debug\Exceptions->errorHandler(2, 'Attempt to read...', 'D:\\xampp\\htdocs...', 24)
#1 D:\xampp\htdocs\kinesport\system\CodeIgniter.php(824): App\Controllers\API\Horarios->listahorarios()
#2 D:\xampp\htdocs\kinesport\system\CodeIgniter.php(410): CodeIgniter\CodeIgniter->runController(Object(App\Controllers\API\Horarios))
#3 D:\xampp\htdocs\kinesport\system\CodeIgniter.php(318): CodeIgniter\CodeIgniter->handleRequest(NULL, Object(Config\Cache), false)
#4 D:\xampp\htdocs\kinesport\index.php(44): CodeIgniter\CodeIgniter->run()
#5 {main}
CRITICAL - 2022-04-19 23:52:56 --> Undefined property: stdClass::$fecha
#0 D:\xampp\htdocs\kinesport\app\Controllers\API\Horarios.php(24): CodeIgniter\Debug\Exceptions->errorHandler(2, 'Undefined prope...', 'D:\\xampp\\htdocs...', 24)
#1 D:\xampp\htdocs\kinesport\system\CodeIgniter.php(824): App\Controllers\API\Horarios->listahorarios()
#2 D:\xampp\htdocs\kinesport\system\CodeIgniter.php(410): CodeIgniter\CodeIgniter->runController(Object(App\Controllers\API\Horarios))
#3 D:\xampp\htdocs\kinesport\system\CodeIgniter.php(318): CodeIgniter\CodeIgniter->handleRequest(NULL, Object(Config\Cache), false)
#4 D:\xampp\htdocs\kinesport\index.php(44): CodeIgniter\CodeIgniter->run()
#5 {main}
CRITICAL - 2022-04-19 23:55:17 --> Undefined property: stdClass::$fecha
#0 D:\xampp\htdocs\kinesport\app\Controllers\API\Horarios.php(24): CodeIgniter\Debug\Exceptions->errorHandler(2, 'Undefined prope...', 'D:\\xampp\\htdocs...', 24)
#1 D:\xampp\htdocs\kinesport\system\CodeIgniter.php(824): App\Controllers\API\Horarios->listahorarios()
#2 D:\xampp\htdocs\kinesport\system\CodeIgniter.php(410): CodeIgniter\CodeIgniter->runController(Object(App\Controllers\API\Horarios))
#3 D:\xampp\htdocs\kinesport\system\CodeIgniter.php(318): CodeIgniter\CodeIgniter->handleRequest(NULL, Object(Config\Cache), false)
#4 D:\xampp\htdocs\kinesport\index.php(44): CodeIgniter\CodeIgniter->run()
#5 {main}
