CRITICAL - 2022-01-03 04:25:58 --> alpha_space_numeric is not a valid rule.
#0 D:\xampp\htdocs\kinesport\system\Validation\Validation.php(285): CodeIgniter\Validation\Exceptions\ValidationException::forRuleNotFound('alpha_space_num...')
#1 D:\xampp\htdocs\kinesport\system\Validation\Validation.php(151): CodeIgniter\Validation\Validation->processRules('Login', 'Login', 'Pedrito23', Array, Array)
#2 D:\xampp\htdocs\kinesport\system\BaseModel.php(1347): CodeIgniter\Validation\Validation->run(Array, NULL, NULL)
#3 D:\xampp\htdocs\kinesport\system\BaseModel.php(707): CodeIgniter\BaseModel->validate(Array)
#4 D:\xampp\htdocs\kinesport\system\Model.php(620): CodeIgniter\BaseModel->insert(Array, true)
#5 D:\xampp\htdocs\kinesport\app\Controllers\API\Usuarios.php(24): CodeIgniter\Model->insert(Object(stdClass))
#6 D:\xampp\htdocs\kinesport\system\CodeIgniter.php(824): App\Controllers\API\Usuarios->create()
#7 D:\xampp\htdocs\kinesport\system\CodeIgniter.php(410): CodeIgniter\CodeIgniter->runController(Object(App\Controllers\API\Usuarios))
#8 D:\xampp\htdocs\kinesport\system\CodeIgniter.php(318): CodeIgniter\CodeIgniter->handleRequest(NULL, Object(Config\Cache), false)
#9 D:\xampp\htdocs\kinesport\index.php(37): CodeIgniter\CodeIgniter->run()
#10 {main}
CRITICAL - 2022-01-03 04:32:21 --> alpha_space_numeric is not a valid rule.
#0 D:\xampp\htdocs\kinesport\system\Validation\Validation.php(285): CodeIgniter\Validation\Exceptions\ValidationException::forRuleNotFound('alpha_space_num...')
#1 D:\xampp\htdocs\kinesport\system\Validation\Validation.php(151): CodeIgniter\Validation\Validation->processRules('Login', 'Login', 'Pedrito23', Array, Array)
#2 D:\xampp\htdocs\kinesport\system\BaseModel.php(1347): CodeIgniter\Validation\Validation->run(Array, NULL, NULL)
#3 D:\xampp\htdocs\kinesport\system\BaseModel.php(707): CodeIgniter\BaseModel->validate(Array)
#4 D:\xampp\htdocs\kinesport\system\Model.php(620): CodeIgniter\BaseModel->insert(Array, true)
#5 D:\xampp\htdocs\kinesport\app\Controllers\API\Usuarios.php(24): CodeIgniter\Model->insert(Object(stdClass))
#6 D:\xampp\htdocs\kinesport\system\CodeIgniter.php(824): App\Controllers\API\Usuarios->create()
#7 D:\xampp\htdocs\kinesport\system\CodeIgniter.php(410): CodeIgniter\CodeIgniter->runController(Object(App\Controllers\API\Usuarios))
#8 D:\xampp\htdocs\kinesport\system\CodeIgniter.php(318): CodeIgniter\CodeIgniter->handleRequest(NULL, Object(Config\Cache), false)
#9 D:\xampp\htdocs\kinesport\index.php(37): CodeIgniter\CodeIgniter->run()
#10 {main}
CRITICAL - 2022-01-03 04:37:19 --> alpha_space_numeric is not a valid rule.
#0 D:\xampp\htdocs\kinesport\system\Validation\Validation.php(285): CodeIgniter\Validation\Exceptions\ValidationException::forRuleNotFound('alpha_space_num...')
#1 D:\xampp\htdocs\kinesport\system\Validation\Validation.php(151): CodeIgniter\Validation\Validation->processRules('Login', 'Login', 'Pedrito23', Array, Array)
#2 D:\xampp\htdocs\kinesport\system\BaseModel.php(1347): CodeIgniter\Validation\Validation->run(Array, NULL, NULL)
#3 D:\xampp\htdocs\kinesport\system\BaseModel.php(707): CodeIgniter\BaseModel->validate(Array)
#4 D:\xampp\htdocs\kinesport\system\Model.php(620): CodeIgniter\BaseModel->insert(Array, true)
#5 D:\xampp\htdocs\kinesport\app\Controllers\API\Usuarios.php(24): CodeIgniter\Model->insert(Object(stdClass))
#6 D:\xampp\htdocs\kinesport\system\CodeIgniter.php(824): App\Controllers\API\Usuarios->create()
#7 D:\xampp\htdocs\kinesport\system\CodeIgniter.php(410): CodeIgniter\CodeIgniter->runController(Object(App\Controllers\API\Usuarios))
#8 D:\xampp\htdocs\kinesport\system\CodeIgniter.php(318): CodeIgniter\CodeIgniter->handleRequest(NULL, Object(Config\Cache), false)
#9 D:\xampp\htdocs\kinesport\index.php(37): CodeIgniter\CodeIgniter->run()
#10 {main}
CRITICAL - 2022-01-03 07:34:26 --> min_length(5) is not a valid rule.
#0 D:\xampp\htdocs\kinesport\system\Validation\Validation.php(285): CodeIgniter\Validation\Exceptions\ValidationException::forRuleNotFound('min_length(5)')
#1 D:\xampp\htdocs\kinesport\system\Validation\Validation.php(151): CodeIgniter\Validation\Validation->processRules('Token', 'Token', '876kk', Array, Array)
#2 D:\xampp\htdocs\kinesport\system\BaseModel.php(1347): CodeIgniter\Validation\Validation->run(Array, NULL, NULL)
#3 D:\xampp\htdocs\kinesport\system\BaseModel.php(707): CodeIgniter\BaseModel->validate(Array)
#4 D:\xampp\htdocs\kinesport\system\Model.php(620): CodeIgniter\BaseModel->insert(Array, true)
#5 D:\xampp\htdocs\kinesport\app\Controllers\API\Restauraciones.php(24): CodeIgniter\Model->insert(Object(stdClass))
#6 D:\xampp\htdocs\kinesport\system\CodeIgniter.php(824): App\Controllers\API\Restauraciones->create()
#7 D:\xampp\htdocs\kinesport\system\CodeIgniter.php(410): CodeIgniter\CodeIgniter->runController(Object(App\Controllers\API\Restauraciones))
#8 D:\xampp\htdocs\kinesport\system\CodeIgniter.php(318): CodeIgniter\CodeIgniter->handleRequest(NULL, Object(Config\Cache), false)
#9 D:\xampp\htdocs\kinesport\index.php(37): CodeIgniter\CodeIgniter->run()
#10 {main}
CRITICAL - 2022-01-03 07:34:35 --> min_length(5) is not a valid rule.
#0 D:\xampp\htdocs\kinesport\system\Validation\Validation.php(285): CodeIgniter\Validation\Exceptions\ValidationException::forRuleNotFound('min_length(5)')
#1 D:\xampp\htdocs\kinesport\system\Validation\Validation.php(151): CodeIgniter\Validation\Validation->processRules('Token', 'Token', '876kk', Array, Array)
#2 D:\xampp\htdocs\kinesport\system\BaseModel.php(1347): CodeIgniter\Validation\Validation->run(Array, NULL, NULL)
#3 D:\xampp\htdocs\kinesport\system\BaseModel.php(707): CodeIgniter\BaseModel->validate(Array)
#4 D:\xampp\htdocs\kinesport\system\Model.php(620): CodeIgniter\BaseModel->insert(Array, true)
#5 D:\xampp\htdocs\kinesport\app\Controllers\API\Restauraciones.php(24): CodeIgniter\Model->insert(Object(stdClass))
#6 D:\xampp\htdocs\kinesport\system\CodeIgniter.php(824): App\Controllers\API\Restauraciones->create()
#7 D:\xampp\htdocs\kinesport\system\CodeIgniter.php(410): CodeIgniter\CodeIgniter->runController(Object(App\Controllers\API\Restauraciones))
#8 D:\xampp\htdocs\kinesport\system\CodeIgniter.php(318): CodeIgniter\CodeIgniter->handleRequest(NULL, Object(Config\Cache), false)
#9 D:\xampp\htdocs\kinesport\index.php(37): CodeIgniter\CodeIgniter->run()
#10 {main}
CRITICAL - 2022-01-03 07:41:47 --> min_length(5) is not a valid rule.
#0 D:\xampp\htdocs\kinesport\system\Validation\Validation.php(285): CodeIgniter\Validation\Exceptions\ValidationException::forRuleNotFound('min_length(5)')
#1 D:\xampp\htdocs\kinesport\system\Validation\Validation.php(151): CodeIgniter\Validation\Validation->processRules('Token', 'Token', '876kk', Array, Array)
#2 D:\xampp\htdocs\kinesport\system\BaseModel.php(1347): CodeIgniter\Validation\Validation->run(Array, NULL, NULL)
#3 D:\xampp\htdocs\kinesport\system\BaseModel.php(707): CodeIgniter\BaseModel->validate(Array)
#4 D:\xampp\htdocs\kinesport\system\Model.php(620): CodeIgniter\BaseModel->insert(Array, true)
#5 D:\xampp\htdocs\kinesport\app\Controllers\API\Restauraciones.php(24): CodeIgniter\Model->insert(Object(stdClass))
#6 D:\xampp\htdocs\kinesport\system\CodeIgniter.php(824): App\Controllers\API\Restauraciones->create()
#7 D:\xampp\htdocs\kinesport\system\CodeIgniter.php(410): CodeIgniter\CodeIgniter->runController(Object(App\Controllers\API\Restauraciones))
#8 D:\xampp\htdocs\kinesport\system\CodeIgniter.php(318): CodeIgniter\CodeIgniter->handleRequest(NULL, Object(Config\Cache), false)
#9 D:\xampp\htdocs\kinesport\index.php(37): CodeIgniter\CodeIgniter->run()
#10 {main}
CRITICAL - 2022-01-03 07:42:42 --> min_length(5) is not a valid rule.
#0 D:\xampp\htdocs\kinesport\system\Validation\Validation.php(285): CodeIgniter\Validation\Exceptions\ValidationException::forRuleNotFound('min_length(5)')
#1 D:\xampp\htdocs\kinesport\system\Validation\Validation.php(151): CodeIgniter\Validation\Validation->processRules('Token', 'Token', '876kk', Array, Array)
#2 D:\xampp\htdocs\kinesport\system\BaseModel.php(1347): CodeIgniter\Validation\Validation->run(Array, NULL, NULL)
#3 D:\xampp\htdocs\kinesport\system\BaseModel.php(707): CodeIgniter\BaseModel->validate(Array)
#4 D:\xampp\htdocs\kinesport\system\Model.php(620): CodeIgniter\BaseModel->insert(Array, true)
#5 D:\xampp\htdocs\kinesport\app\Controllers\API\Restauraciones.php(24): CodeIgniter\Model->insert(Object(stdClass))
#6 D:\xampp\htdocs\kinesport\system\CodeIgniter.php(824): App\Controllers\API\Restauraciones->create()
#7 D:\xampp\htdocs\kinesport\system\CodeIgniter.php(410): CodeIgniter\CodeIgniter->runController(Object(App\Controllers\API\Restauraciones))
#8 D:\xampp\htdocs\kinesport\system\CodeIgniter.php(318): CodeIgniter\CodeIgniter->handleRequest(NULL, Object(Config\Cache), false)
#9 D:\xampp\htdocs\kinesport\index.php(37): CodeIgniter\CodeIgniter->run()
#10 {main}
CRITICAL - 2022-01-03 07:42:44 --> min_length(5) is not a valid rule.
#0 D:\xampp\htdocs\kinesport\system\Validation\Validation.php(285): CodeIgniter\Validation\Exceptions\ValidationException::forRuleNotFound('min_length(5)')
#1 D:\xampp\htdocs\kinesport\system\Validation\Validation.php(151): CodeIgniter\Validation\Validation->processRules('Token', 'Token', '876kk', Array, Array)
#2 D:\xampp\htdocs\kinesport\system\BaseModel.php(1347): CodeIgniter\Validation\Validation->run(Array, NULL, NULL)
#3 D:\xampp\htdocs\kinesport\system\BaseModel.php(707): CodeIgniter\BaseModel->validate(Array)
#4 D:\xampp\htdocs\kinesport\system\Model.php(620): CodeIgniter\BaseModel->insert(Array, true)
#5 D:\xampp\htdocs\kinesport\app\Controllers\API\Restauraciones.php(24): CodeIgniter\Model->insert(Object(stdClass))
#6 D:\xampp\htdocs\kinesport\system\CodeIgniter.php(824): App\Controllers\API\Restauraciones->create()
#7 D:\xampp\htdocs\kinesport\system\CodeIgniter.php(410): CodeIgniter\CodeIgniter->runController(Object(App\Controllers\API\Restauraciones))
#8 D:\xampp\htdocs\kinesport\system\CodeIgniter.php(318): CodeIgniter\CodeIgniter->handleRequest(NULL, Object(Config\Cache), false)
#9 D:\xampp\htdocs\kinesport\index.php(37): CodeIgniter\CodeIgniter->run()
#10 {main}
CRITICAL - 2022-01-03 10:31:11 --> alpha_space_numeric is not a valid rule.
#0 D:\xampp\htdocs\kinesport\system\Validation\Validation.php(285): CodeIgniter\Validation\Exceptions\ValidationException::forRuleNotFound('alpha_space_num...')
#1 D:\xampp\htdocs\kinesport\system\Validation\Validation.php(151): CodeIgniter\Validation\Validation->processRules('Direccion', 'Direccion', 'La Loma', Array, Array)
#2 D:\xampp\htdocs\kinesport\system\BaseModel.php(1347): CodeIgniter\Validation\Validation->run(Array, NULL, NULL)
#3 D:\xampp\htdocs\kinesport\system\BaseModel.php(707): CodeIgniter\BaseModel->validate(Array)
#4 D:\xampp\htdocs\kinesport\system\Model.php(620): CodeIgniter\BaseModel->insert(Array, true)
#5 D:\xampp\htdocs\kinesport\app\Controllers\API\FichasKinesicas.php(24): CodeIgniter\Model->insert(Object(stdClass))
#6 D:\xampp\htdocs\kinesport\system\CodeIgniter.php(824): App\Controllers\API\FichasKinesicas->create()
#7 D:\xampp\htdocs\kinesport\system\CodeIgniter.php(410): CodeIgniter\CodeIgniter->runController(Object(App\Controllers\API\FichasKinesicas))
#8 D:\xampp\htdocs\kinesport\system\CodeIgniter.php(318): CodeIgniter\CodeIgniter->handleRequest(NULL, Object(Config\Cache), false)
#9 D:\xampp\htdocs\kinesport\index.php(37): CodeIgniter\CodeIgniter->run()
#10 {main}
CRITICAL - 2022-01-03 10:32:01 --> alpha_space_numeric is not a valid rule.
#0 D:\xampp\htdocs\kinesport\system\Validation\Validation.php(285): CodeIgniter\Validation\Exceptions\ValidationException::forRuleNotFound('alpha_space_num...')
#1 D:\xampp\htdocs\kinesport\system\Validation\Validation.php(151): CodeIgniter\Validation\Validation->processRules('Observaciones', 'Observaciones', 'Necesita varias...', Array, Array)
#2 D:\xampp\htdocs\kinesport\system\BaseModel.php(1347): CodeIgniter\Validation\Validation->run(Array, NULL, NULL)
#3 D:\xampp\htdocs\kinesport\system\BaseModel.php(707): CodeIgniter\BaseModel->validate(Array)
#4 D:\xampp\htdocs\kinesport\system\Model.php(620): CodeIgniter\BaseModel->insert(Array, true)
#5 D:\xampp\htdocs\kinesport\app\Controllers\API\FichasKinesicas.php(24): CodeIgniter\Model->insert(Object(stdClass))
#6 D:\xampp\htdocs\kinesport\system\CodeIgniter.php(824): App\Controllers\API\FichasKinesicas->create()
#7 D:\xampp\htdocs\kinesport\system\CodeIgniter.php(410): CodeIgniter\CodeIgniter->runController(Object(App\Controllers\API\FichasKinesicas))
#8 D:\xampp\htdocs\kinesport\system\CodeIgniter.php(318): CodeIgniter\CodeIgniter->handleRequest(NULL, Object(Config\Cache), false)
#9 D:\xampp\htdocs\kinesport\index.php(37): CodeIgniter\CodeIgniter->run()
#10 {main}
CRITICAL - 2022-01-03 10:32:19 --> alpha_space_numeric is not a valid rule.
#0 D:\xampp\htdocs\kinesport\system\Validation\Validation.php(285): CodeIgniter\Validation\Exceptions\ValidationException::forRuleNotFound('alpha_space_num...')
#1 D:\xampp\htdocs\kinesport\system\Validation\Validation.php(151): CodeIgniter\Validation\Validation->processRules('Direccion', 'Direccion', 'La Loma', Array, Array)
#2 D:\xampp\htdocs\kinesport\system\BaseModel.php(1347): CodeIgniter\Validation\Validation->run(Array, NULL, NULL)
#3 D:\xampp\htdocs\kinesport\system\BaseModel.php(707): CodeIgniter\BaseModel->validate(Array)
#4 D:\xampp\htdocs\kinesport\system\Model.php(620): CodeIgniter\BaseModel->insert(Array, true)
#5 D:\xampp\htdocs\kinesport\app\Controllers\API\FichasKinesicas.php(24): CodeIgniter\Model->insert(Object(stdClass))
#6 D:\xampp\htdocs\kinesport\system\CodeIgniter.php(824): App\Controllers\API\FichasKinesicas->create()
#7 D:\xampp\htdocs\kinesport\system\CodeIgniter.php(410): CodeIgniter\CodeIgniter->runController(Object(App\Controllers\API\FichasKinesicas))
#8 D:\xampp\htdocs\kinesport\system\CodeIgniter.php(318): CodeIgniter\CodeIgniter->handleRequest(NULL, Object(Config\Cache), false)
#9 D:\xampp\htdocs\kinesport\index.php(37): CodeIgniter\CodeIgniter->run()
#10 {main}
CRITICAL - 2022-01-03 10:33:50 --> alpha_space_numeric is not a valid rule.
#0 D:\xampp\htdocs\kinesport\system\Validation\Validation.php(285): CodeIgniter\Validation\Exceptions\ValidationException::forRuleNotFound('alpha_space_num...')
#1 D:\xampp\htdocs\kinesport\system\Validation\Validation.php(151): CodeIgniter\Validation\Validation->processRules('Direccion', 'Direccion', 'La Loma 2', Array, Array)
#2 D:\xampp\htdocs\kinesport\system\BaseModel.php(1347): CodeIgniter\Validation\Validation->run(Array, NULL, NULL)
#3 D:\xampp\htdocs\kinesport\system\BaseModel.php(707): CodeIgniter\BaseModel->validate(Array)
#4 D:\xampp\htdocs\kinesport\system\Model.php(620): CodeIgniter\BaseModel->insert(Array, true)
#5 D:\xampp\htdocs\kinesport\app\Controllers\API\FichasKinesicas.php(24): CodeIgniter\Model->insert(Object(stdClass))
#6 D:\xampp\htdocs\kinesport\system\CodeIgniter.php(824): App\Controllers\API\FichasKinesicas->create()
#7 D:\xampp\htdocs\kinesport\system\CodeIgniter.php(410): CodeIgniter\CodeIgniter->runController(Object(App\Controllers\API\FichasKinesicas))
#8 D:\xampp\htdocs\kinesport\system\CodeIgniter.php(318): CodeIgniter\CodeIgniter->handleRequest(NULL, Object(Config\Cache), false)
#9 D:\xampp\htdocs\kinesport\index.php(37): CodeIgniter\CodeIgniter->run()
#10 {main}
CRITICAL - 2022-01-03 10:34:08 --> alpha_space_numeric is not a valid rule.
#0 D:\xampp\htdocs\kinesport\system\Validation\Validation.php(285): CodeIgniter\Validation\Exceptions\ValidationException::forRuleNotFound('alpha_space_num...')
#1 D:\xampp\htdocs\kinesport\system\Validation\Validation.php(151): CodeIgniter\Validation\Validation->processRules('Direccion', 'Direccion', 'La Loma 2', Array, Array)
#2 D:\xampp\htdocs\kinesport\system\BaseModel.php(1347): CodeIgniter\Validation\Validation->run(Array, NULL, NULL)
#3 D:\xampp\htdocs\kinesport\system\BaseModel.php(707): CodeIgniter\BaseModel->validate(Array)
#4 D:\xampp\htdocs\kinesport\system\Model.php(620): CodeIgniter\BaseModel->insert(Array, true)
#5 D:\xampp\htdocs\kinesport\app\Controllers\API\FichasKinesicas.php(24): CodeIgniter\Model->insert(Object(stdClass))
#6 D:\xampp\htdocs\kinesport\system\CodeIgniter.php(824): App\Controllers\API\FichasKinesicas->create()
#7 D:\xampp\htdocs\kinesport\system\CodeIgniter.php(410): CodeIgniter\CodeIgniter->runController(Object(App\Controllers\API\FichasKinesicas))
#8 D:\xampp\htdocs\kinesport\system\CodeIgniter.php(318): CodeIgniter\CodeIgniter->handleRequest(NULL, Object(Config\Cache), false)
#9 D:\xampp\htdocs\kinesport\index.php(37): CodeIgniter\CodeIgniter->run()
#10 {main}
CRITICAL - 2022-01-03 10:35:21 --> alpha_space_numeric is not a valid rule.
#0 D:\xampp\htdocs\kinesport\system\Validation\Validation.php(285): CodeIgniter\Validation\Exceptions\ValidationException::forRuleNotFound('alpha_space_num...')
#1 D:\xampp\htdocs\kinesport\system\Validation\Validation.php(151): CodeIgniter\Validation\Validation->processRules('Observaciones', 'Observaciones', 'Necesita 6 sesi...', Array, Array)
#2 D:\xampp\htdocs\kinesport\system\BaseModel.php(1347): CodeIgniter\Validation\Validation->run(Array, NULL, NULL)
#3 D:\xampp\htdocs\kinesport\system\BaseModel.php(707): CodeIgniter\BaseModel->validate(Array)
#4 D:\xampp\htdocs\kinesport\system\Model.php(620): CodeIgniter\BaseModel->insert(Array, true)
#5 D:\xampp\htdocs\kinesport\app\Controllers\API\FichasKinesicas.php(24): CodeIgniter\Model->insert(Object(stdClass))
#6 D:\xampp\htdocs\kinesport\system\CodeIgniter.php(824): App\Controllers\API\FichasKinesicas->create()
#7 D:\xampp\htdocs\kinesport\system\CodeIgniter.php(410): CodeIgniter\CodeIgniter->runController(Object(App\Controllers\API\FichasKinesicas))
#8 D:\xampp\htdocs\kinesport\system\CodeIgniter.php(318): CodeIgniter\CodeIgniter->handleRequest(NULL, Object(Config\Cache), false)
#9 D:\xampp\htdocs\kinesport\index.php(37): CodeIgniter\CodeIgniter->run()
#10 {main}
CRITICAL - 2022-01-03 10:35:57 --> alpha_space_numeric is not a valid rule.
#0 D:\xampp\htdocs\kinesport\system\Validation\Validation.php(285): CodeIgniter\Validation\Exceptions\ValidationException::forRuleNotFound('alpha_space_num...')
#1 D:\xampp\htdocs\kinesport\system\Validation\Validation.php(151): CodeIgniter\Validation\Validation->processRules('Observaciones', 'Observaciones', 'Necesita 6 sesi...', Array, Array)
#2 D:\xampp\htdocs\kinesport\system\BaseModel.php(1347): CodeIgniter\Validation\Validation->run(Array, NULL, NULL)
#3 D:\xampp\htdocs\kinesport\system\BaseModel.php(707): CodeIgniter\BaseModel->validate(Array)
#4 D:\xampp\htdocs\kinesport\system\Model.php(620): CodeIgniter\BaseModel->insert(Array, true)
#5 D:\xampp\htdocs\kinesport\app\Controllers\API\FichasKinesicas.php(24): CodeIgniter\Model->insert(Object(stdClass))
#6 D:\xampp\htdocs\kinesport\system\CodeIgniter.php(824): App\Controllers\API\FichasKinesicas->create()
#7 D:\xampp\htdocs\kinesport\system\CodeIgniter.php(410): CodeIgniter\CodeIgniter->runController(Object(App\Controllers\API\FichasKinesicas))
#8 D:\xampp\htdocs\kinesport\system\CodeIgniter.php(318): CodeIgniter\CodeIgniter->handleRequest(NULL, Object(Config\Cache), false)
#9 D:\xampp\htdocs\kinesport\index.php(37): CodeIgniter\CodeIgniter->run()
#10 {main}
CRITICAL - 2022-01-03 10:37:26 --> strpos(): Argument #3 ($offset) must be contained in argument #1 ($haystack)
#0 D:\xampp\htdocs\kinesport\system\Validation\Validation.php(702): strpos('required|alpha_...', '|', 50)
#1 D:\xampp\htdocs\kinesport\system\Validation\Validation.php(138): CodeIgniter\Validation\Validation->splitRules(Array)
#2 D:\xampp\htdocs\kinesport\system\BaseModel.php(1347): CodeIgniter\Validation\Validation->run(Array, NULL, NULL)
#3 D:\xampp\htdocs\kinesport\system\BaseModel.php(707): CodeIgniter\BaseModel->validate(Array)
#4 D:\xampp\htdocs\kinesport\system\Model.php(620): CodeIgniter\BaseModel->insert(Array, true)
#5 D:\xampp\htdocs\kinesport\app\Controllers\API\FichasKinesicas.php(24): CodeIgniter\Model->insert(Object(stdClass))
#6 D:\xampp\htdocs\kinesport\system\CodeIgniter.php(824): App\Controllers\API\FichasKinesicas->create()
#7 D:\xampp\htdocs\kinesport\system\CodeIgniter.php(410): CodeIgniter\CodeIgniter->runController(Object(App\Controllers\API\FichasKinesicas))
#8 D:\xampp\htdocs\kinesport\system\CodeIgniter.php(318): CodeIgniter\CodeIgniter->handleRequest(NULL, Object(Config\Cache), false)
#9 D:\xampp\htdocs\kinesport\index.php(37): CodeIgniter\CodeIgniter->run()
#10 {main}
CRITICAL - 2022-01-03 10:37:50 --> alpha_space_numeric is not a valid rule.
#0 D:\xampp\htdocs\kinesport\system\Validation\Validation.php(285): CodeIgniter\Validation\Exceptions\ValidationException::forRuleNotFound('alpha_space_num...')
#1 D:\xampp\htdocs\kinesport\system\Validation\Validation.php(151): CodeIgniter\Validation\Validation->processRules('Direccion', 'Direccion', 'La Loma 2', Array, Array)
#2 D:\xampp\htdocs\kinesport\system\BaseModel.php(1347): CodeIgniter\Validation\Validation->run(Array, NULL, NULL)
#3 D:\xampp\htdocs\kinesport\system\BaseModel.php(707): CodeIgniter\BaseModel->validate(Array)
#4 D:\xampp\htdocs\kinesport\system\Model.php(620): CodeIgniter\BaseModel->insert(Array, true)
#5 D:\xampp\htdocs\kinesport\app\Controllers\API\FichasKinesicas.php(24): CodeIgniter\Model->insert(Object(stdClass))
#6 D:\xampp\htdocs\kinesport\system\CodeIgniter.php(824): App\Controllers\API\FichasKinesicas->create()
#7 D:\xampp\htdocs\kinesport\system\CodeIgniter.php(410): CodeIgniter\CodeIgniter->runController(Object(App\Controllers\API\FichasKinesicas))
#8 D:\xampp\htdocs\kinesport\system\CodeIgniter.php(318): CodeIgniter\CodeIgniter->handleRequest(NULL, Object(Config\Cache), false)
#9 D:\xampp\htdocs\kinesport\index.php(37): CodeIgniter\CodeIgniter->run()
#10 {main}
CRITICAL - 2022-01-03 10:41:54 --> strpos(): Argument #3 ($offset) must be contained in argument #1 ($haystack)
#0 D:\xampp\htdocs\kinesport\system\Validation\Validation.php(702): strpos('required|alpha_...', '|', 50)
#1 D:\xampp\htdocs\kinesport\system\Validation\Validation.php(138): CodeIgniter\Validation\Validation->splitRules(Array)
#2 D:\xampp\htdocs\kinesport\system\BaseModel.php(1347): CodeIgniter\Validation\Validation->run(Array, NULL, NULL)
#3 D:\xampp\htdocs\kinesport\system\BaseModel.php(707): CodeIgniter\BaseModel->validate(Array)
#4 D:\xampp\htdocs\kinesport\system\Model.php(620): CodeIgniter\BaseModel->insert(Array, true)
#5 D:\xampp\htdocs\kinesport\app\Controllers\API\FichasKinesicas.php(24): CodeIgniter\Model->insert(Object(stdClass))
#6 D:\xampp\htdocs\kinesport\system\CodeIgniter.php(824): App\Controllers\API\FichasKinesicas->create()
#7 D:\xampp\htdocs\kinesport\system\CodeIgniter.php(410): CodeIgniter\CodeIgniter->runController(Object(App\Controllers\API\FichasKinesicas))
#8 D:\xampp\htdocs\kinesport\system\CodeIgniter.php(318): CodeIgniter\CodeIgniter->handleRequest(NULL, Object(Config\Cache), false)
#9 D:\xampp\htdocs\kinesport\index.php(37): CodeIgniter\CodeIgniter->run()
#10 {main}
CRITICAL - 2022-01-03 10:42:15 --> strpos(): Argument #3 ($offset) must be contained in argument #1 ($haystack)
#0 D:\xampp\htdocs\kinesport\system\Validation\Validation.php(702): strpos('required|min_le...', '|', 38)
#1 D:\xampp\htdocs\kinesport\system\Validation\Validation.php(138): CodeIgniter\Validation\Validation->splitRules(Array)
#2 D:\xampp\htdocs\kinesport\system\BaseModel.php(1347): CodeIgniter\Validation\Validation->run(Array, NULL, NULL)
#3 D:\xampp\htdocs\kinesport\system\BaseModel.php(707): CodeIgniter\BaseModel->validate(Array)
#4 D:\xampp\htdocs\kinesport\system\Model.php(620): CodeIgniter\BaseModel->insert(Array, true)
#5 D:\xampp\htdocs\kinesport\app\Controllers\API\FichasKinesicas.php(24): CodeIgniter\Model->insert(Object(stdClass))
#6 D:\xampp\htdocs\kinesport\system\CodeIgniter.php(824): App\Controllers\API\FichasKinesicas->create()
#7 D:\xampp\htdocs\kinesport\system\CodeIgniter.php(410): CodeIgniter\CodeIgniter->runController(Object(App\Controllers\API\FichasKinesicas))
#8 D:\xampp\htdocs\kinesport\system\CodeIgniter.php(318): CodeIgniter\CodeIgniter->handleRequest(NULL, Object(Config\Cache), false)
#9 D:\xampp\htdocs\kinesport\index.php(37): CodeIgniter\CodeIgniter->run()
#10 {main}
CRITICAL - 2022-01-03 10:43:18 --> strpos(): Argument #3 ($offset) must be contained in argument #1 ($haystack)
#0 D:\xampp\htdocs\kinesport\system\Validation\Validation.php(702): strpos('required|min_le...', '|', 38)
#1 D:\xampp\htdocs\kinesport\system\Validation\Validation.php(138): CodeIgniter\Validation\Validation->splitRules(Array)
#2 D:\xampp\htdocs\kinesport\system\BaseModel.php(1347): CodeIgniter\Validation\Validation->run(Array, NULL, NULL)
#3 D:\xampp\htdocs\kinesport\system\BaseModel.php(707): CodeIgniter\BaseModel->validate(Array)
#4 D:\xampp\htdocs\kinesport\system\Model.php(620): CodeIgniter\BaseModel->insert(Array, true)
#5 D:\xampp\htdocs\kinesport\app\Controllers\API\FichasKinesicas.php(24): CodeIgniter\Model->insert(Object(stdClass))
#6 D:\xampp\htdocs\kinesport\system\CodeIgniter.php(824): App\Controllers\API\FichasKinesicas->create()
#7 D:\xampp\htdocs\kinesport\system\CodeIgniter.php(410): CodeIgniter\CodeIgniter->runController(Object(App\Controllers\API\FichasKinesicas))
#8 D:\xampp\htdocs\kinesport\system\CodeIgniter.php(318): CodeIgniter\CodeIgniter->handleRequest(NULL, Object(Config\Cache), false)
#9 D:\xampp\htdocs\kinesport\index.php(37): CodeIgniter\CodeIgniter->run()
#10 {main}
CRITICAL - 2022-01-03 10:43:20 --> strpos(): Argument #3 ($offset) must be contained in argument #1 ($haystack)
#0 D:\xampp\htdocs\kinesport\system\Validation\Validation.php(702): strpos('required|min_le...', '|', 38)
#1 D:\xampp\htdocs\kinesport\system\Validation\Validation.php(138): CodeIgniter\Validation\Validation->splitRules(Array)
#2 D:\xampp\htdocs\kinesport\system\BaseModel.php(1347): CodeIgniter\Validation\Validation->run(Array, NULL, NULL)
#3 D:\xampp\htdocs\kinesport\system\BaseModel.php(707): CodeIgniter\BaseModel->validate(Array)
#4 D:\xampp\htdocs\kinesport\system\Model.php(620): CodeIgniter\BaseModel->insert(Array, true)
#5 D:\xampp\htdocs\kinesport\app\Controllers\API\FichasKinesicas.php(24): CodeIgniter\Model->insert(Object(stdClass))
#6 D:\xampp\htdocs\kinesport\system\CodeIgniter.php(824): App\Controllers\API\FichasKinesicas->create()
#7 D:\xampp\htdocs\kinesport\system\CodeIgniter.php(410): CodeIgniter\CodeIgniter->runController(Object(App\Controllers\API\FichasKinesicas))
#8 D:\xampp\htdocs\kinesport\system\CodeIgniter.php(318): CodeIgniter\CodeIgniter->handleRequest(NULL, Object(Config\Cache), false)
#9 D:\xampp\htdocs\kinesport\index.php(37): CodeIgniter\CodeIgniter->run()
#10 {main}
CRITICAL - 2022-01-03 10:43:49 --> alpha_space_numeric is not a valid rule.
#0 D:\xampp\htdocs\kinesport\system\Validation\Validation.php(285): CodeIgniter\Validation\Exceptions\ValidationException::forRuleNotFound('alpha_space_num...')
#1 D:\xampp\htdocs\kinesport\system\Validation\Validation.php(151): CodeIgniter\Validation\Validation->processRules('Direccion', 'Direccion', 'La Loma 2', Array, Array)
#2 D:\xampp\htdocs\kinesport\system\BaseModel.php(1347): CodeIgniter\Validation\Validation->run(Array, NULL, NULL)
#3 D:\xampp\htdocs\kinesport\system\BaseModel.php(707): CodeIgniter\BaseModel->validate(Array)
#4 D:\xampp\htdocs\kinesport\system\Model.php(620): CodeIgniter\BaseModel->insert(Array, true)
#5 D:\xampp\htdocs\kinesport\app\Controllers\API\FichasKinesicas.php(24): CodeIgniter\Model->insert(Object(stdClass))
#6 D:\xampp\htdocs\kinesport\system\CodeIgniter.php(824): App\Controllers\API\FichasKinesicas->create()
#7 D:\xampp\htdocs\kinesport\system\CodeIgniter.php(410): CodeIgniter\CodeIgniter->runController(Object(App\Controllers\API\FichasKinesicas))
#8 D:\xampp\htdocs\kinesport\system\CodeIgniter.php(318): CodeIgniter\CodeIgniter->handleRequest(NULL, Object(Config\Cache), false)
#9 D:\xampp\htdocs\kinesport\index.php(37): CodeIgniter\CodeIgniter->run()
#10 {main}
CRITICAL - 2022-01-03 10:44:53 --> alpha_space_numeric is not a valid rule.
#0 D:\xampp\htdocs\kinesport\system\Validation\Validation.php(285): CodeIgniter\Validation\Exceptions\ValidationException::forRuleNotFound('alpha_space_num...')
#1 D:\xampp\htdocs\kinesport\system\Validation\Validation.php(151): CodeIgniter\Validation\Validation->processRules('Observaciones', 'Observaciones', 'Necesita 6 sesi...', Array, Array)
#2 D:\xampp\htdocs\kinesport\system\BaseModel.php(1347): CodeIgniter\Validation\Validation->run(Array, NULL, NULL)
#3 D:\xampp\htdocs\kinesport\system\BaseModel.php(707): CodeIgniter\BaseModel->validate(Array)
#4 D:\xampp\htdocs\kinesport\system\Model.php(620): CodeIgniter\BaseModel->insert(Array, true)
#5 D:\xampp\htdocs\kinesport\app\Controllers\API\FichasKinesicas.php(24): CodeIgniter\Model->insert(Object(stdClass))
#6 D:\xampp\htdocs\kinesport\system\CodeIgniter.php(824): App\Controllers\API\FichasKinesicas->create()
#7 D:\xampp\htdocs\kinesport\system\CodeIgniter.php(410): CodeIgniter\CodeIgniter->runController(Object(App\Controllers\API\FichasKinesicas))
#8 D:\xampp\htdocs\kinesport\system\CodeIgniter.php(318): CodeIgniter\CodeIgniter->handleRequest(NULL, Object(Config\Cache), false)
#9 D:\xampp\htdocs\kinesport\index.php(37): CodeIgniter\CodeIgniter->run()
#10 {main}
CRITICAL - 2022-01-03 10:44:58 --> alpha_space_numeric is not a valid rule.
#0 D:\xampp\htdocs\kinesport\system\Validation\Validation.php(285): CodeIgniter\Validation\Exceptions\ValidationException::forRuleNotFound('alpha_space_num...')
#1 D:\xampp\htdocs\kinesport\system\Validation\Validation.php(151): CodeIgniter\Validation\Validation->processRules('Observaciones', 'Observaciones', 'Necesita 6 sesi...', Array, Array)
#2 D:\xampp\htdocs\kinesport\system\BaseModel.php(1347): CodeIgniter\Validation\Validation->run(Array, NULL, NULL)
#3 D:\xampp\htdocs\kinesport\system\BaseModel.php(707): CodeIgniter\BaseModel->validate(Array)
#4 D:\xampp\htdocs\kinesport\system\Model.php(620): CodeIgniter\BaseModel->insert(Array, true)
#5 D:\xampp\htdocs\kinesport\app\Controllers\API\FichasKinesicas.php(24): CodeIgniter\Model->insert(Object(stdClass))
#6 D:\xampp\htdocs\kinesport\system\CodeIgniter.php(824): App\Controllers\API\FichasKinesicas->create()
#7 D:\xampp\htdocs\kinesport\system\CodeIgniter.php(410): CodeIgniter\CodeIgniter->runController(Object(App\Controllers\API\FichasKinesicas))
#8 D:\xampp\htdocs\kinesport\system\CodeIgniter.php(318): CodeIgniter\CodeIgniter->handleRequest(NULL, Object(Config\Cache), false)
#9 D:\xampp\htdocs\kinesport\index.php(37): CodeIgniter\CodeIgniter->run()
#10 {main}
CRITICAL - 2022-01-03 10:47:13 --> alpha_space_numeric is not a valid rule.
#0 D:\xampp\htdocs\kinesport\system\Validation\Validation.php(285): CodeIgniter\Validation\Exceptions\ValidationException::forRuleNotFound('alpha_space_num...')
#1 D:\xampp\htdocs\kinesport\system\Validation\Validation.php(151): CodeIgniter\Validation\Validation->processRules('Direccion', 'Direccion', 'La Loma 2', Array, Array)
#2 D:\xampp\htdocs\kinesport\system\BaseModel.php(1347): CodeIgniter\Validation\Validation->run(Array, NULL, NULL)
#3 D:\xampp\htdocs\kinesport\system\BaseModel.php(707): CodeIgniter\BaseModel->validate(Array)
#4 D:\xampp\htdocs\kinesport\system\Model.php(620): CodeIgniter\BaseModel->insert(Array, true)
#5 D:\xampp\htdocs\kinesport\app\Controllers\API\FichasKinesicas.php(24): CodeIgniter\Model->insert(Object(stdClass))
#6 D:\xampp\htdocs\kinesport\system\CodeIgniter.php(824): App\Controllers\API\FichasKinesicas->create()
#7 D:\xampp\htdocs\kinesport\system\CodeIgniter.php(410): CodeIgniter\CodeIgniter->runController(Object(App\Controllers\API\FichasKinesicas))
#8 D:\xampp\htdocs\kinesport\system\CodeIgniter.php(318): CodeIgniter\CodeIgniter->handleRequest(NULL, Object(Config\Cache), false)
#9 D:\xampp\htdocs\kinesport\index.php(37): CodeIgniter\CodeIgniter->run()
#10 {main}
CRITICAL - 2022-01-03 10:48:10 --> alpha_space_numeric is not a valid rule.
#0 D:\xampp\htdocs\kinesport\system\Validation\Validation.php(285): CodeIgniter\Validation\Exceptions\ValidationException::forRuleNotFound('alpha_space_num...')
#1 D:\xampp\htdocs\kinesport\system\Validation\Validation.php(151): CodeIgniter\Validation\Validation->processRules('Direccion', 'Direccion', 'La Loma 2', Array, Array)
#2 D:\xampp\htdocs\kinesport\system\BaseModel.php(1347): CodeIgniter\Validation\Validation->run(Array, NULL, NULL)
#3 D:\xampp\htdocs\kinesport\system\BaseModel.php(707): CodeIgniter\BaseModel->validate(Array)
#4 D:\xampp\htdocs\kinesport\system\Model.php(620): CodeIgniter\BaseModel->insert(Array, true)
#5 D:\xampp\htdocs\kinesport\app\Controllers\API\FichasKinesicas.php(24): CodeIgniter\Model->insert(Object(stdClass))
#6 D:\xampp\htdocs\kinesport\system\CodeIgniter.php(824): App\Controllers\API\FichasKinesicas->create()
#7 D:\xampp\htdocs\kinesport\system\CodeIgniter.php(410): CodeIgniter\CodeIgniter->runController(Object(App\Controllers\API\FichasKinesicas))
#8 D:\xampp\htdocs\kinesport\system\CodeIgniter.php(318): CodeIgniter\CodeIgniter->handleRequest(NULL, Object(Config\Cache), false)
#9 D:\xampp\htdocs\kinesport\index.php(37): CodeIgniter\CodeIgniter->run()
#10 {main}
CRITICAL - 2022-01-03 10:52:20 --> alpha_space_numeric is not a valid rule.
#0 D:\xampp\htdocs\kinesport\system\Validation\Validation.php(285): CodeIgniter\Validation\Exceptions\ValidationException::forRuleNotFound('alpha_space_num...')
#1 D:\xampp\htdocs\kinesport\system\Validation\Validation.php(151): CodeIgniter\Validation\Validation->processRules('Direccion', 'Direccion', 'La Lomahu 6', Array, Array)
#2 D:\xampp\htdocs\kinesport\system\BaseModel.php(1347): CodeIgniter\Validation\Validation->run(Array, NULL, NULL)
#3 D:\xampp\htdocs\kinesport\system\BaseModel.php(707): CodeIgniter\BaseModel->validate(Array)
#4 D:\xampp\htdocs\kinesport\system\Model.php(620): CodeIgniter\BaseModel->insert(Array, true)
#5 D:\xampp\htdocs\kinesport\app\Controllers\API\FichasKinesicas.php(24): CodeIgniter\Model->insert(Object(stdClass))
#6 D:\xampp\htdocs\kinesport\system\CodeIgniter.php(824): App\Controllers\API\FichasKinesicas->create()
#7 D:\xampp\htdocs\kinesport\system\CodeIgniter.php(410): CodeIgniter\CodeIgniter->runController(Object(App\Controllers\API\FichasKinesicas))
#8 D:\xampp\htdocs\kinesport\system\CodeIgniter.php(318): CodeIgniter\CodeIgniter->handleRequest(NULL, Object(Config\Cache), false)
#9 D:\xampp\htdocs\kinesport\index.php(37): CodeIgniter\CodeIgniter->run()
#10 {main}
CRITICAL - 2022-01-03 14:02:01 --> There is no data to insert.
#0 D:\xampp\htdocs\kinesport\system\BaseModel.php(1574): CodeIgniter\Database\Exceptions\DataException::forEmptyDataset('insert')
#1 D:\xampp\htdocs\kinesport\system\BaseModel.php(704): CodeIgniter\BaseModel->transformDataToArray(NULL, 'insert')
#2 D:\xampp\htdocs\kinesport\system\Model.php(620): CodeIgniter\BaseModel->insert(NULL, true)
#3 D:\xampp\htdocs\kinesport\app\Controllers\API\Personas.php(24): CodeIgniter\Model->insert(NULL)
#4 D:\xampp\htdocs\kinesport\system\CodeIgniter.php(824): App\Controllers\API\Personas->create()
#5 D:\xampp\htdocs\kinesport\system\CodeIgniter.php(410): CodeIgniter\CodeIgniter->runController(Object(App\Controllers\API\Personas))
#6 D:\xampp\htdocs\kinesport\system\CodeIgniter.php(318): CodeIgniter\CodeIgniter->handleRequest(NULL, Object(Config\Cache), false)
#7 D:\xampp\htdocs\kinesport\index.php(37): CodeIgniter\CodeIgniter->run()
#8 {main}
