CRITICAL - 2022-01-10 04:48:02 --> Class "App\Filters\AuthFiler" not found
#0 D:\xampp\htdocs\kinesport\system\CodeIgniter.php(384): CodeIgniter\Filters\Filters->run('api/usuarios', 'before')
#1 D:\xampp\htdocs\kinesport\system\CodeIgniter.php(318): CodeIgniter\CodeIgniter->handleRequest(NULL, Object(Config\Cache), false)
#2 D:\xampp\htdocs\kinesport\index.php(37): CodeIgniter\CodeIgniter->run()
#3 {main}
CRITICAL - 2022-01-10 04:48:21 --> Class "App\Filters\AuthFiler" not found
#0 D:\xampp\htdocs\kinesport\system\CodeIgniter.php(384): CodeIgniter\Filters\Filters->run('api/usuarios', 'before')
#1 D:\xampp\htdocs\kinesport\system\CodeIgniter.php(318): CodeIgniter\CodeIgniter->handleRequest(NULL, Object(Config\Cache), false)
#2 D:\xampp\htdocs\kinesport\index.php(37): CodeIgniter\CodeIgniter->run()
#3 {main}
CRITICAL - 2022-01-10 04:48:23 --> Class "App\Filters\AuthFiler" not found
#0 D:\xampp\htdocs\kinesport\system\CodeIgniter.php(384): CodeIgniter\Filters\Filters->run('api/usuarios', 'before')
#1 D:\xampp\htdocs\kinesport\system\CodeIgniter.php(318): CodeIgniter\CodeIgniter->handleRequest(NULL, Object(Config\Cache), false)
#2 D:\xampp\htdocs\kinesport\index.php(37): CodeIgniter\CodeIgniter->run()
#3 {main}
CRITICAL - 2022-01-10 04:57:44 --> Class "App\Filters\AuthFiler" not found
#0 D:\xampp\htdocs\kinesport\system\CodeIgniter.php(384): CodeIgniter\Filters\Filters->run('api/usuarios', 'before')
#1 D:\xampp\htdocs\kinesport\system\CodeIgniter.php(318): CodeIgniter\CodeIgniter->handleRequest(NULL, Object(Config\Cache), false)
#2 D:\xampp\htdocs\kinesport\index.php(37): CodeIgniter\CodeIgniter->run()
#3 {main}
CRITICAL - 2022-01-10 04:58:54 --> authFilter filter must have a matching alias defined.
#0 D:\xampp\htdocs\kinesport\system\Filters\Filters.php(496): CodeIgniter\Filters\Exceptions\FilterException::forNoAlias('authFilter')
#1 D:\xampp\htdocs\kinesport\system\Filters\Filters.php(243): CodeIgniter\Filters\Filters->processAliasesToClass('before')
#2 D:\xampp\htdocs\kinesport\system\Filters\Filters.php(163): CodeIgniter\Filters\Filters->initialize('api/usuarios')
#3 D:\xampp\htdocs\kinesport\system\CodeIgniter.php(384): CodeIgniter\Filters\Filters->run('api/usuarios', 'before')
#4 D:\xampp\htdocs\kinesport\system\CodeIgniter.php(318): CodeIgniter\CodeIgniter->handleRequest(NULL, Object(Config\Cache), false)
#5 D:\xampp\htdocs\kinesport\index.php(37): CodeIgniter\CodeIgniter->run()
#6 {main}
CRITICAL - 2022-01-10 04:58:57 --> authFilter filter must have a matching alias defined.
#0 D:\xampp\htdocs\kinesport\system\Filters\Filters.php(496): CodeIgniter\Filters\Exceptions\FilterException::forNoAlias('authFilter')
#1 D:\xampp\htdocs\kinesport\system\Filters\Filters.php(243): CodeIgniter\Filters\Filters->processAliasesToClass('before')
#2 D:\xampp\htdocs\kinesport\system\Filters\Filters.php(163): CodeIgniter\Filters\Filters->initialize('api/usuarios')
#3 D:\xampp\htdocs\kinesport\system\CodeIgniter.php(384): CodeIgniter\Filters\Filters->run('api/usuarios', 'before')
#4 D:\xampp\htdocs\kinesport\system\CodeIgniter.php(318): CodeIgniter\CodeIgniter->handleRequest(NULL, Object(Config\Cache), false)
#5 D:\xampp\htdocs\kinesport\index.php(37): CodeIgniter\CodeIgniter->run()
#6 {main}
CRITICAL - 2022-01-10 04:59:55 --> authFiler filter must have a matching alias defined.
#0 D:\xampp\htdocs\kinesport\system\Filters\Filters.php(340): CodeIgniter\Filters\Exceptions\FilterException::forNoAlias('authFiler')
#1 D:\xampp\htdocs\kinesport\system\CodeIgniter.php(375): CodeIgniter\Filters\Filters->enableFilter('authFiler', 'before')
#2 D:\xampp\htdocs\kinesport\system\CodeIgniter.php(318): CodeIgniter\CodeIgniter->handleRequest(NULL, Object(Config\Cache), false)
#3 D:\xampp\htdocs\kinesport\index.php(37): CodeIgniter\CodeIgniter->run()
#4 {main}
