CRITICAL - 2022-01-27 05:50:46 --> Undefined property: stdClass::$Clave
#0 D:\xampp\htdocs\kinesport\app\Controllers\API\Personas.php(37): CodeIgniter\Debug\Exceptions->errorHandler(2, 'Undefined prope...', 'D:\\xampp\\htdocs...', 37)
#1 D:\xampp\htdocs\kinesport\system\CodeIgniter.php(824): App\Controllers\API\Personas->create()
#2 D:\xampp\htdocs\kinesport\system\CodeIgniter.php(410): CodeIgniter\CodeIgniter->runController(Object(App\Controllers\API\Personas))
#3 D:\xampp\htdocs\kinesport\system\CodeIgniter.php(318): CodeIgniter\CodeIgniter->handleRequest(NULL, Object(Config\Cache), false)
#4 D:\xampp\htdocs\kinesport\index.php(43): CodeIgniter\CodeIgniter->run()
#5 {main}
CRITICAL - 2022-01-27 06:00:41 --> Undefined property: stdClass::$Clave
#0 D:\xampp\htdocs\kinesport\app\Controllers\API\Personas.php(37): CodeIgniter\Debug\Exceptions->errorHandler(2, 'Undefined prope...', 'D:\\xampp\\htdocs...', 37)
#1 D:\xampp\htdocs\kinesport\system\CodeIgniter.php(824): App\Controllers\API\Personas->create()
#2 D:\xampp\htdocs\kinesport\system\CodeIgniter.php(410): CodeIgniter\CodeIgniter->runController(Object(App\Controllers\API\Personas))
#3 D:\xampp\htdocs\kinesport\system\CodeIgniter.php(318): CodeIgniter\CodeIgniter->handleRequest(NULL, Object(Config\Cache), false)
#4 D:\xampp\htdocs\kinesport\index.php(43): CodeIgniter\CodeIgniter->run()
#5 {main}
CRITICAL - 2022-01-27 06:02:18 --> Undefined property: stdClass::$Clave
#0 D:\xampp\htdocs\kinesport\app\Controllers\API\Personas.php(32): CodeIgniter\Debug\Exceptions->errorHandler(2, 'Undefined prope...', 'D:\\xampp\\htdocs...', 32)
#1 D:\xampp\htdocs\kinesport\system\CodeIgniter.php(824): App\Controllers\API\Personas->create()
#2 D:\xampp\htdocs\kinesport\system\CodeIgniter.php(410): CodeIgniter\CodeIgniter->runController(Object(App\Controllers\API\Personas))
#3 D:\xampp\htdocs\kinesport\system\CodeIgniter.php(318): CodeIgniter\CodeIgniter->handleRequest(NULL, Object(Config\Cache), false)
#4 D:\xampp\htdocs\kinesport\index.php(43): CodeIgniter\CodeIgniter->run()
#5 {main}
CRITICAL - 2022-01-27 06:03:36 --> Undefined property: stdClass::$Clave
#0 D:\xampp\htdocs\kinesport\app\Controllers\API\Personas.php(32): CodeIgniter\Debug\Exceptions->errorHandler(2, 'Undefined prope...', 'D:\\xampp\\htdocs...', 32)
#1 D:\xampp\htdocs\kinesport\system\CodeIgniter.php(824): App\Controllers\API\Personas->create()
#2 D:\xampp\htdocs\kinesport\system\CodeIgniter.php(410): CodeIgniter\CodeIgniter->runController(Object(App\Controllers\API\Personas))
#3 D:\xampp\htdocs\kinesport\system\CodeIgniter.php(318): CodeIgniter\CodeIgniter->handleRequest(NULL, Object(Config\Cache), false)
#4 D:\xampp\htdocs\kinesport\index.php(43): CodeIgniter\CodeIgniter->run()
#5 {main}
CRITICAL - 2022-01-27 06:06:21 --> Undefined property: stdClass::$Clave
#0 D:\xampp\htdocs\kinesport\app\Controllers\API\Personas.php(32): CodeIgniter\Debug\Exceptions->errorHandler(2, 'Undefined prope...', 'D:\\xampp\\htdocs...', 32)
#1 D:\xampp\htdocs\kinesport\system\CodeIgniter.php(824): App\Controllers\API\Personas->create()
#2 D:\xampp\htdocs\kinesport\system\CodeIgniter.php(410): CodeIgniter\CodeIgniter->runController(Object(App\Controllers\API\Personas))
#3 D:\xampp\htdocs\kinesport\system\CodeIgniter.php(318): CodeIgniter\CodeIgniter->handleRequest(NULL, Object(Config\Cache), false)
#4 D:\xampp\htdocs\kinesport\index.php(43): CodeIgniter\CodeIgniter->run()
#5 {main}
CRITICAL - 2022-01-27 06:07:15 --> Undefined property: stdClass::$Clave
#0 D:\xampp\htdocs\kinesport\app\Controllers\API\Personas.php(32): CodeIgniter\Debug\Exceptions->errorHandler(2, 'Undefined prope...', 'D:\\xampp\\htdocs...', 32)
#1 D:\xampp\htdocs\kinesport\system\CodeIgniter.php(824): App\Controllers\API\Personas->create()
#2 D:\xampp\htdocs\kinesport\system\CodeIgniter.php(410): CodeIgniter\CodeIgniter->runController(Object(App\Controllers\API\Personas))
#3 D:\xampp\htdocs\kinesport\system\CodeIgniter.php(318): CodeIgniter\CodeIgniter->handleRequest(NULL, Object(Config\Cache), false)
#4 D:\xampp\htdocs\kinesport\index.php(43): CodeIgniter\CodeIgniter->run()
#5 {main}
CRITICAL - 2022-01-27 06:07:19 --> Undefined property: stdClass::$Clave
#0 D:\xampp\htdocs\kinesport\app\Controllers\API\Personas.php(32): CodeIgniter\Debug\Exceptions->errorHandler(2, 'Undefined prope...', 'D:\\xampp\\htdocs...', 32)
#1 D:\xampp\htdocs\kinesport\system\CodeIgniter.php(824): App\Controllers\API\Personas->create()
#2 D:\xampp\htdocs\kinesport\system\CodeIgniter.php(410): CodeIgniter\CodeIgniter->runController(Object(App\Controllers\API\Personas))
#3 D:\xampp\htdocs\kinesport\system\CodeIgniter.php(318): CodeIgniter\CodeIgniter->handleRequest(NULL, Object(Config\Cache), false)
#4 D:\xampp\htdocs\kinesport\index.php(43): CodeIgniter\CodeIgniter->run()
#5 {main}
CRITICAL - 2022-01-27 06:12:53 --> CodeIgniter\BaseModel::transformDataToArray(): Return value must be of type array, string returned
#0 D:\xampp\htdocs\kinesport\system\BaseModel.php(704): CodeIgniter\BaseModel->transformDataToArray('{"Clave":"$2y$1...', 'insert')
#1 D:\xampp\htdocs\kinesport\system\Model.php(620): CodeIgniter\BaseModel->insert('{"Clave":"$2y$1...', true)
#2 D:\xampp\htdocs\kinesport\app\Controllers\API\Personas.php(42): CodeIgniter\Model->insert('{"Clave":"$2y$1...')
#3 D:\xampp\htdocs\kinesport\system\CodeIgniter.php(824): App\Controllers\API\Personas->create()
#4 D:\xampp\htdocs\kinesport\system\CodeIgniter.php(410): CodeIgniter\CodeIgniter->runController(Object(App\Controllers\API\Personas))
#5 D:\xampp\htdocs\kinesport\system\CodeIgniter.php(318): CodeIgniter\CodeIgniter->handleRequest(NULL, Object(Config\Cache), false)
#6 D:\xampp\htdocs\kinesport\index.php(43): CodeIgniter\CodeIgniter->run()
#7 {main}
CRITICAL - 2022-01-27 06:44:41 --> json_decode(): Argument #1 ($json) must be of type string, array given
#0 D:\xampp\htdocs\kinesport\app\Controllers\API\Personas.php(40): json_decode(Array)
#1 D:\xampp\htdocs\kinesport\system\CodeIgniter.php(824): App\Controllers\API\Personas->create()
#2 D:\xampp\htdocs\kinesport\system\CodeIgniter.php(410): CodeIgniter\CodeIgniter->runController(Object(App\Controllers\API\Personas))
#3 D:\xampp\htdocs\kinesport\system\CodeIgniter.php(318): CodeIgniter\CodeIgniter->handleRequest(NULL, Object(Config\Cache), false)
#4 D:\xampp\htdocs\kinesport\index.php(43): CodeIgniter\CodeIgniter->run()
#5 {main}
CRITICAL - 2022-01-27 06:47:56 --> json_decode(): Argument #1 ($json) must be of type string, array given
#0 D:\xampp\htdocs\kinesport\app\Controllers\API\Personas.php(40): json_decode(Array)
#1 D:\xampp\htdocs\kinesport\system\CodeIgniter.php(824): App\Controllers\API\Personas->create()
#2 D:\xampp\htdocs\kinesport\system\CodeIgniter.php(410): CodeIgniter\CodeIgniter->runController(Object(App\Controllers\API\Personas))
#3 D:\xampp\htdocs\kinesport\system\CodeIgniter.php(318): CodeIgniter\CodeIgniter->handleRequest(NULL, Object(Config\Cache), false)
#4 D:\xampp\htdocs\kinesport\index.php(43): CodeIgniter\CodeIgniter->run()
#5 {main}
CRITICAL - 2022-01-27 06:48:28 --> json_decode(): Argument #1 ($json) must be of type string, array given
#0 D:\xampp\htdocs\kinesport\app\Controllers\API\Personas.php(40): json_decode(Array)
#1 D:\xampp\htdocs\kinesport\system\CodeIgniter.php(824): App\Controllers\API\Personas->create()
#2 D:\xampp\htdocs\kinesport\system\CodeIgniter.php(410): CodeIgniter\CodeIgniter->runController(Object(App\Controllers\API\Personas))
#3 D:\xampp\htdocs\kinesport\system\CodeIgniter.php(318): CodeIgniter\CodeIgniter->handleRequest(NULL, Object(Config\Cache), false)
#4 D:\xampp\htdocs\kinesport\index.php(43): CodeIgniter\CodeIgniter->run()
#5 {main}
CRITICAL - 2022-01-27 06:52:08 --> Call to undefined method App\Models\UsuarioModel::respondCreated
#0 D:\xampp\htdocs\kinesport\app\Controllers\API\Personas.php(45): CodeIgniter\Model->__call('respondCreated', Array)
#1 D:\xampp\htdocs\kinesport\system\CodeIgniter.php(824): App\Controllers\API\Personas->create()
#2 D:\xampp\htdocs\kinesport\system\CodeIgniter.php(410): CodeIgniter\CodeIgniter->runController(Object(App\Controllers\API\Personas))
#3 D:\xampp\htdocs\kinesport\system\CodeIgniter.php(318): CodeIgniter\CodeIgniter->handleRequest(NULL, Object(Config\Cache), false)
#4 D:\xampp\htdocs\kinesport\index.php(43): CodeIgniter\CodeIgniter->run()
#5 {main}
CRITICAL - 2022-01-27 08:24:18 --> Undefined array key "foto"
#0 D:\xampp\htdocs\kinesport\app\Controllers\API\Personas.php(33): CodeIgniter\Debug\Exceptions->errorHandler(2, 'Undefined array...', 'D:\\xampp\\htdocs...', 33)
#1 D:\xampp\htdocs\kinesport\system\CodeIgniter.php(824): App\Controllers\API\Personas->create()
#2 D:\xampp\htdocs\kinesport\system\CodeIgniter.php(410): CodeIgniter\CodeIgniter->runController(Object(App\Controllers\API\Personas))
#3 D:\xampp\htdocs\kinesport\system\CodeIgniter.php(318): CodeIgniter\CodeIgniter->handleRequest(NULL, Object(Config\Cache), false)
#4 D:\xampp\htdocs\kinesport\index.php(43): CodeIgniter\CodeIgniter->run()
#5 {main}
CRITICAL - 2022-01-27 08:27:09 --> Undefined array key "Foto"
#0 D:\xampp\htdocs\kinesport\app\Controllers\API\Personas.php(32): CodeIgniter\Debug\Exceptions->errorHandler(2, 'Undefined array...', 'D:\\xampp\\htdocs...', 32)
#1 D:\xampp\htdocs\kinesport\system\CodeIgniter.php(824): App\Controllers\API\Personas->create()
#2 D:\xampp\htdocs\kinesport\system\CodeIgniter.php(410): CodeIgniter\CodeIgniter->runController(Object(App\Controllers\API\Personas))
#3 D:\xampp\htdocs\kinesport\system\CodeIgniter.php(318): CodeIgniter\CodeIgniter->handleRequest(NULL, Object(Config\Cache), false)
#4 D:\xampp\htdocs\kinesport\index.php(43): CodeIgniter\CodeIgniter->run()
#5 {main}
CRITICAL - 2022-01-27 08:27:48 --> Undefined array key "Foto"
#0 D:\xampp\htdocs\kinesport\app\Controllers\API\Personas.php(32): CodeIgniter\Debug\Exceptions->errorHandler(2, 'Undefined array...', 'D:\\xampp\\htdocs...', 32)
#1 D:\xampp\htdocs\kinesport\system\CodeIgniter.php(824): App\Controllers\API\Personas->create()
#2 D:\xampp\htdocs\kinesport\system\CodeIgniter.php(410): CodeIgniter\CodeIgniter->runController(Object(App\Controllers\API\Personas))
#3 D:\xampp\htdocs\kinesport\system\CodeIgniter.php(318): CodeIgniter\CodeIgniter->handleRequest(NULL, Object(Config\Cache), false)
#4 D:\xampp\htdocs\kinesport\index.php(43): CodeIgniter\CodeIgniter->run()
#5 {main}
CRITICAL - 2022-01-27 09:19:21 --> Undefined array key "foto"
#0 D:\xampp\htdocs\kinesport\app\Controllers\API\Usuarios.php(105): CodeIgniter\Debug\Exceptions->errorHandler(2, 'Undefined array...', 'D:\\xampp\\htdocs...', 105)
#1 D:\xampp\htdocs\kinesport\system\CodeIgniter.php(824): App\Controllers\API\Usuarios->upfile()
#2 D:\xampp\htdocs\kinesport\system\CodeIgniter.php(410): CodeIgniter\CodeIgniter->runController(Object(App\Controllers\API\Usuarios))
#3 D:\xampp\htdocs\kinesport\system\CodeIgniter.php(318): CodeIgniter\CodeIgniter->handleRequest(NULL, Object(Config\Cache), false)
#4 D:\xampp\htdocs\kinesport\index.php(43): CodeIgniter\CodeIgniter->run()
#5 {main}
CRITICAL - 2022-01-27 09:20:19 --> Undefined array key "foto"
#0 D:\xampp\htdocs\kinesport\app\Controllers\API\Usuarios.php(105): CodeIgniter\Debug\Exceptions->errorHandler(2, 'Undefined array...', 'D:\\xampp\\htdocs...', 105)
#1 D:\xampp\htdocs\kinesport\system\CodeIgniter.php(824): App\Controllers\API\Usuarios->upfile()
#2 D:\xampp\htdocs\kinesport\system\CodeIgniter.php(410): CodeIgniter\CodeIgniter->runController(Object(App\Controllers\API\Usuarios))
#3 D:\xampp\htdocs\kinesport\system\CodeIgniter.php(318): CodeIgniter\CodeIgniter->handleRequest(NULL, Object(Config\Cache), false)
#4 D:\xampp\htdocs\kinesport\index.php(43): CodeIgniter\CodeIgniter->run()
#5 {main}
CRITICAL - 2022-01-27 09:21:26 --> Undefined array key "foto"
#0 D:\xampp\htdocs\kinesport\app\Controllers\API\Usuarios.php(105): CodeIgniter\Debug\Exceptions->errorHandler(2, 'Undefined array...', 'D:\\xampp\\htdocs...', 105)
#1 D:\xampp\htdocs\kinesport\system\CodeIgniter.php(824): App\Controllers\API\Usuarios->upfile()
#2 D:\xampp\htdocs\kinesport\system\CodeIgniter.php(410): CodeIgniter\CodeIgniter->runController(Object(App\Controllers\API\Usuarios))
#3 D:\xampp\htdocs\kinesport\system\CodeIgniter.php(318): CodeIgniter\CodeIgniter->handleRequest(NULL, Object(Config\Cache), false)
#4 D:\xampp\htdocs\kinesport\index.php(43): CodeIgniter\CodeIgniter->run()
#5 {main}
CRITICAL - 2022-01-27 09:22:12 --> Undefined array key "foto"
#0 D:\xampp\htdocs\kinesport\app\Controllers\API\Usuarios.php(105): CodeIgniter\Debug\Exceptions->errorHandler(2, 'Undefined array...', 'D:\\xampp\\htdocs...', 105)
#1 D:\xampp\htdocs\kinesport\system\CodeIgniter.php(824): App\Controllers\API\Usuarios->upfile()
#2 D:\xampp\htdocs\kinesport\system\CodeIgniter.php(410): CodeIgniter\CodeIgniter->runController(Object(App\Controllers\API\Usuarios))
#3 D:\xampp\htdocs\kinesport\system\CodeIgniter.php(318): CodeIgniter\CodeIgniter->handleRequest(NULL, Object(Config\Cache), false)
#4 D:\xampp\htdocs\kinesport\index.php(43): CodeIgniter\CodeIgniter->run()
#5 {main}
CRITICAL - 2022-01-27 09:23:44 --> Undefined array key "foto"
#0 D:\xampp\htdocs\kinesport\app\Controllers\API\Usuarios.php(105): CodeIgniter\Debug\Exceptions->errorHandler(2, 'Undefined array...', 'D:\\xampp\\htdocs...', 105)
#1 D:\xampp\htdocs\kinesport\system\CodeIgniter.php(824): App\Controllers\API\Usuarios->upfile()
#2 D:\xampp\htdocs\kinesport\system\CodeIgniter.php(410): CodeIgniter\CodeIgniter->runController(Object(App\Controllers\API\Usuarios))
#3 D:\xampp\htdocs\kinesport\system\CodeIgniter.php(318): CodeIgniter\CodeIgniter->handleRequest(NULL, Object(Config\Cache), false)
#4 D:\xampp\htdocs\kinesport\index.php(43): CodeIgniter\CodeIgniter->run()
#5 {main}
CRITICAL - 2022-01-27 09:26:33 --> Undefined array key "foto"
#0 D:\xampp\htdocs\kinesport\app\Controllers\API\Usuarios.php(105): CodeIgniter\Debug\Exceptions->errorHandler(2, 'Undefined array...', 'D:\\xampp\\htdocs...', 105)
#1 D:\xampp\htdocs\kinesport\system\CodeIgniter.php(824): App\Controllers\API\Usuarios->upfile()
#2 D:\xampp\htdocs\kinesport\system\CodeIgniter.php(410): CodeIgniter\CodeIgniter->runController(Object(App\Controllers\API\Usuarios))
#3 D:\xampp\htdocs\kinesport\system\CodeIgniter.php(318): CodeIgniter\CodeIgniter->handleRequest(NULL, Object(Config\Cache), false)
#4 D:\xampp\htdocs\kinesport\index.php(43): CodeIgniter\CodeIgniter->run()
#5 {main}
CRITICAL - 2022-01-27 09:27:12 --> Undefined array key "foto"
#0 D:\xampp\htdocs\kinesport\app\Controllers\API\Usuarios.php(105): CodeIgniter\Debug\Exceptions->errorHandler(2, 'Undefined array...', 'D:\\xampp\\htdocs...', 105)
#1 D:\xampp\htdocs\kinesport\system\CodeIgniter.php(824): App\Controllers\API\Usuarios->upfile()
#2 D:\xampp\htdocs\kinesport\system\CodeIgniter.php(410): CodeIgniter\CodeIgniter->runController(Object(App\Controllers\API\Usuarios))
#3 D:\xampp\htdocs\kinesport\system\CodeIgniter.php(318): CodeIgniter\CodeIgniter->handleRequest(NULL, Object(Config\Cache), false)
#4 D:\xampp\htdocs\kinesport\index.php(43): CodeIgniter\CodeIgniter->run()
#5 {main}
CRITICAL - 2022-01-27 09:27:50 --> Undefined array key "foto"
#0 D:\xampp\htdocs\kinesport\app\Controllers\API\Usuarios.php(105): CodeIgniter\Debug\Exceptions->errorHandler(2, 'Undefined array...', 'D:\\xampp\\htdocs...', 105)
#1 D:\xampp\htdocs\kinesport\system\CodeIgniter.php(824): App\Controllers\API\Usuarios->upfile()
#2 D:\xampp\htdocs\kinesport\system\CodeIgniter.php(410): CodeIgniter\CodeIgniter->runController(Object(App\Controllers\API\Usuarios))
#3 D:\xampp\htdocs\kinesport\system\CodeIgniter.php(318): CodeIgniter\CodeIgniter->handleRequest(NULL, Object(Config\Cache), false)
#4 D:\xampp\htdocs\kinesport\index.php(43): CodeIgniter\CodeIgniter->run()
#5 {main}
CRITICAL - 2022-01-27 09:31:22 --> Undefined array key "foto"
#0 D:\xampp\htdocs\kinesport\app\Controllers\API\Usuarios.php(105): CodeIgniter\Debug\Exceptions->errorHandler(2, 'Undefined array...', 'D:\\xampp\\htdocs...', 105)
#1 D:\xampp\htdocs\kinesport\system\CodeIgniter.php(824): App\Controllers\API\Usuarios->upfile()
#2 D:\xampp\htdocs\kinesport\system\CodeIgniter.php(410): CodeIgniter\CodeIgniter->runController(Object(App\Controllers\API\Usuarios))
#3 D:\xampp\htdocs\kinesport\system\CodeIgniter.php(318): CodeIgniter\CodeIgniter->handleRequest(NULL, Object(Config\Cache), false)
#4 D:\xampp\htdocs\kinesport\index.php(43): CodeIgniter\CodeIgniter->run()
#5 {main}
CRITICAL - 2022-01-27 09:33:00 --> Undefined array key "foto"
#0 D:\xampp\htdocs\kinesport\app\Controllers\API\Usuarios.php(105): CodeIgniter\Debug\Exceptions->errorHandler(2, 'Undefined array...', 'D:\\xampp\\htdocs...', 105)
#1 D:\xampp\htdocs\kinesport\system\CodeIgniter.php(824): App\Controllers\API\Usuarios->upfile()
#2 D:\xampp\htdocs\kinesport\system\CodeIgniter.php(410): CodeIgniter\CodeIgniter->runController(Object(App\Controllers\API\Usuarios))
#3 D:\xampp\htdocs\kinesport\system\CodeIgniter.php(318): CodeIgniter\CodeIgniter->handleRequest(NULL, Object(Config\Cache), false)
#4 D:\xampp\htdocs\kinesport\index.php(43): CodeIgniter\CodeIgniter->run()
#5 {main}
CRITICAL - 2022-01-27 09:34:15 --> Attempt to read property "Clave" on null
#0 D:\xampp\htdocs\kinesport\app\Controllers\Auth.php(41): CodeIgniter\Debug\Exceptions->errorHandler(2, 'Attempt to read...', 'D:\\xampp\\htdocs...', 41)
#1 D:\xampp\htdocs\kinesport\system\CodeIgniter.php(824): App\Controllers\Auth->create()
#2 D:\xampp\htdocs\kinesport\system\CodeIgniter.php(410): CodeIgniter\CodeIgniter->runController(Object(App\Controllers\Auth))
#3 D:\xampp\htdocs\kinesport\system\CodeIgniter.php(318): CodeIgniter\CodeIgniter->handleRequest(NULL, Object(Config\Cache), false)
#4 D:\xampp\htdocs\kinesport\index.php(43): CodeIgniter\CodeIgniter->run()
#5 {main}
CRITICAL - 2022-01-27 09:37:03 --> Undefined array key "foto"
#0 D:\xampp\htdocs\kinesport\app\Controllers\API\Usuarios.php(105): CodeIgniter\Debug\Exceptions->errorHandler(2, 'Undefined array...', 'D:\\xampp\\htdocs...', 105)
#1 D:\xampp\htdocs\kinesport\system\CodeIgniter.php(824): App\Controllers\API\Usuarios->upfile()
#2 D:\xampp\htdocs\kinesport\system\CodeIgniter.php(410): CodeIgniter\CodeIgniter->runController(Object(App\Controllers\API\Usuarios))
#3 D:\xampp\htdocs\kinesport\system\CodeIgniter.php(318): CodeIgniter\CodeIgniter->handleRequest(NULL, Object(Config\Cache), false)
#4 D:\xampp\htdocs\kinesport\index.php(43): CodeIgniter\CodeIgniter->run()
#5 {main}
CRITICAL - 2022-01-27 09:41:39 --> Undefined array key "foto"
#0 D:\xampp\htdocs\kinesport\app\Controllers\API\Usuarios.php(105): CodeIgniter\Debug\Exceptions->errorHandler(2, 'Undefined array...', 'D:\\xampp\\htdocs...', 105)
#1 D:\xampp\htdocs\kinesport\system\CodeIgniter.php(824): App\Controllers\API\Usuarios->upfile()
#2 D:\xampp\htdocs\kinesport\system\CodeIgniter.php(410): CodeIgniter\CodeIgniter->runController(Object(App\Controllers\API\Usuarios))
#3 D:\xampp\htdocs\kinesport\system\CodeIgniter.php(318): CodeIgniter\CodeIgniter->handleRequest(NULL, Object(Config\Cache), false)
#4 D:\xampp\htdocs\kinesport\index.php(43): CodeIgniter\CodeIgniter->run()
#5 {main}
