CRITICAL - 2021-12-21 17:39:30 --> The framework needs the following extension(s) installed and loaded: intl.
#0 D:\xampp\htdocs\kinesport\system\CodeIgniter.php(219): CodeIgniter\Exceptions\FrameworkException::forMissingExtension('intl')
#1 D:\xampp\htdocs\kinesport\system\CodeIgniter.php(177): CodeIgniter\CodeIgniter->resolvePlatformExtensions()
#2 D:\xampp\htdocs\kinesport\system\bootstrap.php(146): CodeIgniter\CodeIgniter->initialize()
#3 D:\xampp\htdocs\kinesport\public\index.php(28): require('D:\\xampp\\htdocs...')
#4 {main}
CRITICAL - 2021-12-21 12:10:25 --> syntax error, unexpected token "protected", expecting "," or ";"
#0 D:\xampp\htdocs\kinesport\system\Autoloader\Autoloader.php(241): CodeIgniter\Autoloader\Autoloader->includeFile('D:\\xampp\\htdocs...')
#1 D:\xampp\htdocs\kinesport\system\Autoloader\Autoloader.php(219): CodeIgniter\Autoloader\Autoloader->loadInNamespace('App\\Models\\Pers...')
#2 D:\xampp\htdocs\kinesport\app\Controllers\API\Personas.php(11): CodeIgniter\Autoloader\Autoloader->loadClass('App\\Models\\Pers...')
#3 D:\xampp\htdocs\kinesport\system\CodeIgniter.php(801): App\Controllers\API\Personas->__construct()
#4 D:\xampp\htdocs\kinesport\system\CodeIgniter.php(401): CodeIgniter\CodeIgniter->createController()
#5 D:\xampp\htdocs\kinesport\system\CodeIgniter.php(318): CodeIgniter\CodeIgniter->handleRequest(NULL, Object(Config\Cache), false)
#6 D:\xampp\htdocs\kinesport\public\index.php(37): CodeIgniter\CodeIgniter->run()
#7 {main}
CRITICAL - 2021-12-21 12:10:41 --> syntax error, unexpected token "protected", expecting "," or ";"
#0 D:\xampp\htdocs\kinesport\system\Autoloader\Autoloader.php(241): CodeIgniter\Autoloader\Autoloader->includeFile('D:\\xampp\\htdocs...')
#1 D:\xampp\htdocs\kinesport\system\Autoloader\Autoloader.php(219): CodeIgniter\Autoloader\Autoloader->loadInNamespace('App\\Models\\Pers...')
#2 D:\xampp\htdocs\kinesport\app\Controllers\API\Personas.php(11): CodeIgniter\Autoloader\Autoloader->loadClass('App\\Models\\Pers...')
#3 D:\xampp\htdocs\kinesport\system\CodeIgniter.php(801): App\Controllers\API\Personas->__construct()
#4 D:\xampp\htdocs\kinesport\system\CodeIgniter.php(401): CodeIgniter\CodeIgniter->createController()
#5 D:\xampp\htdocs\kinesport\system\CodeIgniter.php(318): CodeIgniter\CodeIgniter->handleRequest(NULL, Object(Config\Cache), false)
#6 D:\xampp\htdocs\kinesport\public\index.php(37): CodeIgniter\CodeIgniter->run()
#7 {main}
CRITICAL - 2021-12-21 12:12:55 --> syntax error, unexpected token "protected", expecting "," or ";"
#0 D:\xampp\htdocs\kinesport\system\Autoloader\Autoloader.php(241): CodeIgniter\Autoloader\Autoloader->includeFile('D:\\xampp\\htdocs...')
#1 D:\xampp\htdocs\kinesport\system\Autoloader\Autoloader.php(219): CodeIgniter\Autoloader\Autoloader->loadInNamespace('App\\Models\\Pers...')
#2 D:\xampp\htdocs\kinesport\app\Controllers\API\Personas.php(11): CodeIgniter\Autoloader\Autoloader->loadClass('App\\Models\\Pers...')
#3 D:\xampp\htdocs\kinesport\system\CodeIgniter.php(801): App\Controllers\API\Personas->__construct()
#4 D:\xampp\htdocs\kinesport\system\CodeIgniter.php(401): CodeIgniter\CodeIgniter->createController()
#5 D:\xampp\htdocs\kinesport\system\CodeIgniter.php(318): CodeIgniter\CodeIgniter->handleRequest(NULL, Object(Config\Cache), false)
#6 D:\xampp\htdocs\kinesport\public\index.php(37): CodeIgniter\CodeIgniter->run()
#7 {main}
CRITICAL - 2021-12-21 12:12:56 --> syntax error, unexpected token "protected", expecting "," or ";"
#0 D:\xampp\htdocs\kinesport\system\Autoloader\Autoloader.php(241): CodeIgniter\Autoloader\Autoloader->includeFile('D:\\xampp\\htdocs...')
#1 D:\xampp\htdocs\kinesport\system\Autoloader\Autoloader.php(219): CodeIgniter\Autoloader\Autoloader->loadInNamespace('App\\Models\\Pers...')
#2 D:\xampp\htdocs\kinesport\app\Controllers\API\Personas.php(11): CodeIgniter\Autoloader\Autoloader->loadClass('App\\Models\\Pers...')
#3 D:\xampp\htdocs\kinesport\system\CodeIgniter.php(801): App\Controllers\API\Personas->__construct()
#4 D:\xampp\htdocs\kinesport\system\CodeIgniter.php(401): CodeIgniter\CodeIgniter->createController()
#5 D:\xampp\htdocs\kinesport\system\CodeIgniter.php(318): CodeIgniter\CodeIgniter->handleRequest(NULL, Object(Config\Cache), false)
#6 D:\xampp\htdocs\kinesport\public\index.php(37): CodeIgniter\CodeIgniter->run()
#7 {main}
CRITICAL - 2021-12-21 12:15:46 --> syntax error, unexpected token "protected", expecting "," or ";"
#0 D:\xampp\htdocs\kinesport\system\Autoloader\Autoloader.php(241): CodeIgniter\Autoloader\Autoloader->includeFile('D:\\xampp\\htdocs...')
#1 D:\xampp\htdocs\kinesport\system\Autoloader\Autoloader.php(219): CodeIgniter\Autoloader\Autoloader->loadInNamespace('App\\Models\\Pers...')
#2 D:\xampp\htdocs\kinesport\app\Controllers\API\Personas.php(11): CodeIgniter\Autoloader\Autoloader->loadClass('App\\Models\\Pers...')
#3 D:\xampp\htdocs\kinesport\system\CodeIgniter.php(801): App\Controllers\API\Personas->__construct()
#4 D:\xampp\htdocs\kinesport\system\CodeIgniter.php(401): CodeIgniter\CodeIgniter->createController()
#5 D:\xampp\htdocs\kinesport\system\CodeIgniter.php(318): CodeIgniter\CodeIgniter->handleRequest(NULL, Object(Config\Cache), false)
#6 D:\xampp\htdocs\kinesport\public\index.php(37): CodeIgniter\CodeIgniter->run()
#7 {main}
CRITICAL - 2021-12-21 17:35:33 --> syntax error, unexpected token "protected", expecting "," or ";"
#0 D:\xampp\htdocs\kinesport\system\Autoloader\Autoloader.php(241): CodeIgniter\Autoloader\Autoloader->includeFile('D:\\xampp\\htdocs...')
#1 D:\xampp\htdocs\kinesport\system\Autoloader\Autoloader.php(219): CodeIgniter\Autoloader\Autoloader->loadInNamespace('App\\Models\\Pers...')
#2 D:\xampp\htdocs\kinesport\app\Controllers\API\Personas.php(11): CodeIgniter\Autoloader\Autoloader->loadClass('App\\Models\\Pers...')
#3 D:\xampp\htdocs\kinesport\system\CodeIgniter.php(801): App\Controllers\API\Personas->__construct()
#4 D:\xampp\htdocs\kinesport\system\CodeIgniter.php(401): CodeIgniter\CodeIgniter->createController()
#5 D:\xampp\htdocs\kinesport\system\CodeIgniter.php(318): CodeIgniter\CodeIgniter->handleRequest(NULL, Object(Config\Cache), false)
#6 D:\xampp\htdocs\kinesport\public\index.php(37): CodeIgniter\CodeIgniter->run()
#7 {main}
CRITICAL - 2021-12-21 17:35:34 --> syntax error, unexpected token "protected", expecting "," or ";"
#0 D:\xampp\htdocs\kinesport\system\Autoloader\Autoloader.php(241): CodeIgniter\Autoloader\Autoloader->includeFile('D:\\xampp\\htdocs...')
#1 D:\xampp\htdocs\kinesport\system\Autoloader\Autoloader.php(219): CodeIgniter\Autoloader\Autoloader->loadInNamespace('App\\Models\\Pers...')
#2 D:\xampp\htdocs\kinesport\app\Controllers\API\Personas.php(11): CodeIgniter\Autoloader\Autoloader->loadClass('App\\Models\\Pers...')
#3 D:\xampp\htdocs\kinesport\system\CodeIgniter.php(801): App\Controllers\API\Personas->__construct()
#4 D:\xampp\htdocs\kinesport\system\CodeIgniter.php(401): CodeIgniter\CodeIgniter->createController()
#5 D:\xampp\htdocs\kinesport\system\CodeIgniter.php(318): CodeIgniter\CodeIgniter->handleRequest(NULL, Object(Config\Cache), false)
#6 D:\xampp\htdocs\kinesport\public\index.php(37): CodeIgniter\CodeIgniter->run()
#7 {main}
CRITICAL - 2021-12-21 17:35:34 --> syntax error, unexpected token "protected", expecting "," or ";"
#0 D:\xampp\htdocs\kinesport\system\Autoloader\Autoloader.php(241): CodeIgniter\Autoloader\Autoloader->includeFile('D:\\xampp\\htdocs...')
#1 D:\xampp\htdocs\kinesport\system\Autoloader\Autoloader.php(219): CodeIgniter\Autoloader\Autoloader->loadInNamespace('App\\Models\\Pers...')
#2 D:\xampp\htdocs\kinesport\app\Controllers\API\Personas.php(11): CodeIgniter\Autoloader\Autoloader->loadClass('App\\Models\\Pers...')
#3 D:\xampp\htdocs\kinesport\system\CodeIgniter.php(801): App\Controllers\API\Personas->__construct()
#4 D:\xampp\htdocs\kinesport\system\CodeIgniter.php(401): CodeIgniter\CodeIgniter->createController()
#5 D:\xampp\htdocs\kinesport\system\CodeIgniter.php(318): CodeIgniter\CodeIgniter->handleRequest(NULL, Object(Config\Cache), false)
#6 D:\xampp\htdocs\kinesport\public\index.php(37): CodeIgniter\CodeIgniter->run()
#7 {main}
CRITICAL - 2021-12-21 17:35:35 --> syntax error, unexpected token "protected", expecting "," or ";"
#0 D:\xampp\htdocs\kinesport\system\Autoloader\Autoloader.php(241): CodeIgniter\Autoloader\Autoloader->includeFile('D:\\xampp\\htdocs...')
#1 D:\xampp\htdocs\kinesport\system\Autoloader\Autoloader.php(219): CodeIgniter\Autoloader\Autoloader->loadInNamespace('App\\Models\\Pers...')
#2 D:\xampp\htdocs\kinesport\app\Controllers\API\Personas.php(11): CodeIgniter\Autoloader\Autoloader->loadClass('App\\Models\\Pers...')
#3 D:\xampp\htdocs\kinesport\system\CodeIgniter.php(801): App\Controllers\API\Personas->__construct()
#4 D:\xampp\htdocs\kinesport\system\CodeIgniter.php(401): CodeIgniter\CodeIgniter->createController()
#5 D:\xampp\htdocs\kinesport\system\CodeIgniter.php(318): CodeIgniter\CodeIgniter->handleRequest(NULL, Object(Config\Cache), false)
#6 D:\xampp\htdocs\kinesport\public\index.php(37): CodeIgniter\CodeIgniter->run()
#7 {main}
CRITICAL - 2021-12-21 17:35:35 --> syntax error, unexpected token "protected", expecting "," or ";"
#0 D:\xampp\htdocs\kinesport\system\Autoloader\Autoloader.php(241): CodeIgniter\Autoloader\Autoloader->includeFile('D:\\xampp\\htdocs...')
#1 D:\xampp\htdocs\kinesport\system\Autoloader\Autoloader.php(219): CodeIgniter\Autoloader\Autoloader->loadInNamespace('App\\Models\\Pers...')
#2 D:\xampp\htdocs\kinesport\app\Controllers\API\Personas.php(11): CodeIgniter\Autoloader\Autoloader->loadClass('App\\Models\\Pers...')
#3 D:\xampp\htdocs\kinesport\system\CodeIgniter.php(801): App\Controllers\API\Personas->__construct()
#4 D:\xampp\htdocs\kinesport\system\CodeIgniter.php(401): CodeIgniter\CodeIgniter->createController()
#5 D:\xampp\htdocs\kinesport\system\CodeIgniter.php(318): CodeIgniter\CodeIgniter->handleRequest(NULL, Object(Config\Cache), false)
#6 D:\xampp\htdocs\kinesport\public\index.php(37): CodeIgniter\CodeIgniter->run()
#7 {main}
CRITICAL - 2021-12-21 17:35:35 --> syntax error, unexpected token "protected", expecting "," or ";"
#0 D:\xampp\htdocs\kinesport\system\Autoloader\Autoloader.php(241): CodeIgniter\Autoloader\Autoloader->includeFile('D:\\xampp\\htdocs...')
#1 D:\xampp\htdocs\kinesport\system\Autoloader\Autoloader.php(219): CodeIgniter\Autoloader\Autoloader->loadInNamespace('App\\Models\\Pers...')
#2 D:\xampp\htdocs\kinesport\app\Controllers\API\Personas.php(11): CodeIgniter\Autoloader\Autoloader->loadClass('App\\Models\\Pers...')
#3 D:\xampp\htdocs\kinesport\system\CodeIgniter.php(801): App\Controllers\API\Personas->__construct()
#4 D:\xampp\htdocs\kinesport\system\CodeIgniter.php(401): CodeIgniter\CodeIgniter->createController()
#5 D:\xampp\htdocs\kinesport\system\CodeIgniter.php(318): CodeIgniter\CodeIgniter->handleRequest(NULL, Object(Config\Cache), false)
#6 D:\xampp\htdocs\kinesport\public\index.php(37): CodeIgniter\CodeIgniter->run()
#7 {main}
CRITICAL - 2021-12-21 17:35:36 --> syntax error, unexpected token "protected", expecting "," or ";"
#0 D:\xampp\htdocs\kinesport\system\Autoloader\Autoloader.php(241): CodeIgniter\Autoloader\Autoloader->includeFile('D:\\xampp\\htdocs...')
#1 D:\xampp\htdocs\kinesport\system\Autoloader\Autoloader.php(219): CodeIgniter\Autoloader\Autoloader->loadInNamespace('App\\Models\\Pers...')
#2 D:\xampp\htdocs\kinesport\app\Controllers\API\Personas.php(11): CodeIgniter\Autoloader\Autoloader->loadClass('App\\Models\\Pers...')
#3 D:\xampp\htdocs\kinesport\system\CodeIgniter.php(801): App\Controllers\API\Personas->__construct()
#4 D:\xampp\htdocs\kinesport\system\CodeIgniter.php(401): CodeIgniter\CodeIgniter->createController()
#5 D:\xampp\htdocs\kinesport\system\CodeIgniter.php(318): CodeIgniter\CodeIgniter->handleRequest(NULL, Object(Config\Cache), false)
#6 D:\xampp\htdocs\kinesport\public\index.php(37): CodeIgniter\CodeIgniter->run()
#7 {main}
CRITICAL - 2021-12-21 17:35:36 --> syntax error, unexpected token "protected", expecting "," or ";"
#0 D:\xampp\htdocs\kinesport\system\Autoloader\Autoloader.php(241): CodeIgniter\Autoloader\Autoloader->includeFile('D:\\xampp\\htdocs...')
#1 D:\xampp\htdocs\kinesport\system\Autoloader\Autoloader.php(219): CodeIgniter\Autoloader\Autoloader->loadInNamespace('App\\Models\\Pers...')
#2 D:\xampp\htdocs\kinesport\app\Controllers\API\Personas.php(11): CodeIgniter\Autoloader\Autoloader->loadClass('App\\Models\\Pers...')
#3 D:\xampp\htdocs\kinesport\system\CodeIgniter.php(801): App\Controllers\API\Personas->__construct()
#4 D:\xampp\htdocs\kinesport\system\CodeIgniter.php(401): CodeIgniter\CodeIgniter->createController()
#5 D:\xampp\htdocs\kinesport\system\CodeIgniter.php(318): CodeIgniter\CodeIgniter->handleRequest(NULL, Object(Config\Cache), false)
#6 D:\xampp\htdocs\kinesport\public\index.php(37): CodeIgniter\CodeIgniter->run()
#7 {main}
CRITICAL - 2021-12-21 17:35:36 --> syntax error, unexpected token "protected", expecting "," or ";"
#0 D:\xampp\htdocs\kinesport\system\Autoloader\Autoloader.php(241): CodeIgniter\Autoloader\Autoloader->includeFile('D:\\xampp\\htdocs...')
#1 D:\xampp\htdocs\kinesport\system\Autoloader\Autoloader.php(219): CodeIgniter\Autoloader\Autoloader->loadInNamespace('App\\Models\\Pers...')
#2 D:\xampp\htdocs\kinesport\app\Controllers\API\Personas.php(11): CodeIgniter\Autoloader\Autoloader->loadClass('App\\Models\\Pers...')
#3 D:\xampp\htdocs\kinesport\system\CodeIgniter.php(801): App\Controllers\API\Personas->__construct()
#4 D:\xampp\htdocs\kinesport\system\CodeIgniter.php(401): CodeIgniter\CodeIgniter->createController()
#5 D:\xampp\htdocs\kinesport\system\CodeIgniter.php(318): CodeIgniter\CodeIgniter->handleRequest(NULL, Object(Config\Cache), false)
#6 D:\xampp\htdocs\kinesport\public\index.php(37): CodeIgniter\CodeIgniter->run()
#7 {main}
CRITICAL - 2021-12-21 17:35:37 --> syntax error, unexpected token "protected", expecting "," or ";"
#0 D:\xampp\htdocs\kinesport\system\Autoloader\Autoloader.php(241): CodeIgniter\Autoloader\Autoloader->includeFile('D:\\xampp\\htdocs...')
#1 D:\xampp\htdocs\kinesport\system\Autoloader\Autoloader.php(219): CodeIgniter\Autoloader\Autoloader->loadInNamespace('App\\Models\\Pers...')
#2 D:\xampp\htdocs\kinesport\app\Controllers\API\Personas.php(11): CodeIgniter\Autoloader\Autoloader->loadClass('App\\Models\\Pers...')
#3 D:\xampp\htdocs\kinesport\system\CodeIgniter.php(801): App\Controllers\API\Personas->__construct()
#4 D:\xampp\htdocs\kinesport\system\CodeIgniter.php(401): CodeIgniter\CodeIgniter->createController()
#5 D:\xampp\htdocs\kinesport\system\CodeIgniter.php(318): CodeIgniter\CodeIgniter->handleRequest(NULL, Object(Config\Cache), false)
#6 D:\xampp\htdocs\kinesport\public\index.php(37): CodeIgniter\CodeIgniter->run()
#7 {main}
CRITICAL - 2021-12-21 17:35:37 --> syntax error, unexpected token "protected", expecting "," or ";"
#0 D:\xampp\htdocs\kinesport\system\Autoloader\Autoloader.php(241): CodeIgniter\Autoloader\Autoloader->includeFile('D:\\xampp\\htdocs...')
#1 D:\xampp\htdocs\kinesport\system\Autoloader\Autoloader.php(219): CodeIgniter\Autoloader\Autoloader->loadInNamespace('App\\Models\\Pers...')
#2 D:\xampp\htdocs\kinesport\app\Controllers\API\Personas.php(11): CodeIgniter\Autoloader\Autoloader->loadClass('App\\Models\\Pers...')
#3 D:\xampp\htdocs\kinesport\system\CodeIgniter.php(801): App\Controllers\API\Personas->__construct()
#4 D:\xampp\htdocs\kinesport\system\CodeIgniter.php(401): CodeIgniter\CodeIgniter->createController()
#5 D:\xampp\htdocs\kinesport\system\CodeIgniter.php(318): CodeIgniter\CodeIgniter->handleRequest(NULL, Object(Config\Cache), false)
#6 D:\xampp\htdocs\kinesport\public\index.php(37): CodeIgniter\CodeIgniter->run()
#7 {main}
CRITICAL - 2021-12-21 17:35:37 --> syntax error, unexpected token "protected", expecting "," or ";"
#0 D:\xampp\htdocs\kinesport\system\Autoloader\Autoloader.php(241): CodeIgniter\Autoloader\Autoloader->includeFile('D:\\xampp\\htdocs...')
#1 D:\xampp\htdocs\kinesport\system\Autoloader\Autoloader.php(219): CodeIgniter\Autoloader\Autoloader->loadInNamespace('App\\Models\\Pers...')
#2 D:\xampp\htdocs\kinesport\app\Controllers\API\Personas.php(11): CodeIgniter\Autoloader\Autoloader->loadClass('App\\Models\\Pers...')
#3 D:\xampp\htdocs\kinesport\system\CodeIgniter.php(801): App\Controllers\API\Personas->__construct()
#4 D:\xampp\htdocs\kinesport\system\CodeIgniter.php(401): CodeIgniter\CodeIgniter->createController()
#5 D:\xampp\htdocs\kinesport\system\CodeIgniter.php(318): CodeIgniter\CodeIgniter->handleRequest(NULL, Object(Config\Cache), false)
#6 D:\xampp\htdocs\kinesport\public\index.php(37): CodeIgniter\CodeIgniter->run()
#7 {main}
CRITICAL - 2021-12-21 17:35:37 --> syntax error, unexpected token "protected", expecting "," or ";"
#0 D:\xampp\htdocs\kinesport\system\Autoloader\Autoloader.php(241): CodeIgniter\Autoloader\Autoloader->includeFile('D:\\xampp\\htdocs...')
#1 D:\xampp\htdocs\kinesport\system\Autoloader\Autoloader.php(219): CodeIgniter\Autoloader\Autoloader->loadInNamespace('App\\Models\\Pers...')
#2 D:\xampp\htdocs\kinesport\app\Controllers\API\Personas.php(11): CodeIgniter\Autoloader\Autoloader->loadClass('App\\Models\\Pers...')
#3 D:\xampp\htdocs\kinesport\system\CodeIgniter.php(801): App\Controllers\API\Personas->__construct()
#4 D:\xampp\htdocs\kinesport\system\CodeIgniter.php(401): CodeIgniter\CodeIgniter->createController()
#5 D:\xampp\htdocs\kinesport\system\CodeIgniter.php(318): CodeIgniter\CodeIgniter->handleRequest(NULL, Object(Config\Cache), false)
#6 D:\xampp\htdocs\kinesport\public\index.php(37): CodeIgniter\CodeIgniter->run()
#7 {main}
CRITICAL - 2021-12-21 17:36:09 --> syntax error, unexpected token "protected", expecting "," or ";"
#0 D:\xampp\htdocs\kinesport\system\Autoloader\Autoloader.php(241): CodeIgniter\Autoloader\Autoloader->includeFile('D:\\xampp\\htdocs...')
#1 D:\xampp\htdocs\kinesport\system\Autoloader\Autoloader.php(219): CodeIgniter\Autoloader\Autoloader->loadInNamespace('App\\Models\\Pers...')
#2 D:\xampp\htdocs\kinesport\app\Controllers\API\Personas.php(11): CodeIgniter\Autoloader\Autoloader->loadClass('App\\Models\\Pers...')
#3 D:\xampp\htdocs\kinesport\system\CodeIgniter.php(801): App\Controllers\API\Personas->__construct()
#4 D:\xampp\htdocs\kinesport\system\CodeIgniter.php(401): CodeIgniter\CodeIgniter->createController()
#5 D:\xampp\htdocs\kinesport\system\CodeIgniter.php(318): CodeIgniter\CodeIgniter->handleRequest(NULL, Object(Config\Cache), false)
#6 D:\xampp\htdocs\kinesport\public\index.php(37): CodeIgniter\CodeIgniter->run()
#7 {main}
CRITICAL - 2021-12-21 17:36:40 --> syntax error, unexpected token "protected", expecting "," or ";"
#0 D:\xampp\htdocs\kinesport\system\Autoloader\Autoloader.php(241): CodeIgniter\Autoloader\Autoloader->includeFile('D:\\xampp\\htdocs...')
#1 D:\xampp\htdocs\kinesport\system\Autoloader\Autoloader.php(219): CodeIgniter\Autoloader\Autoloader->loadInNamespace('App\\Models\\Pers...')
#2 D:\xampp\htdocs\kinesport\app\Controllers\API\Personas.php(11): CodeIgniter\Autoloader\Autoloader->loadClass('App\\Models\\Pers...')
#3 D:\xampp\htdocs\kinesport\system\CodeIgniter.php(801): App\Controllers\API\Personas->__construct()
#4 D:\xampp\htdocs\kinesport\system\CodeIgniter.php(401): CodeIgniter\CodeIgniter->createController()
#5 D:\xampp\htdocs\kinesport\system\CodeIgniter.php(318): CodeIgniter\CodeIgniter->handleRequest(NULL, Object(Config\Cache), false)
#6 D:\xampp\htdocs\kinesport\public\index.php(37): CodeIgniter\CodeIgniter->run()
#7 {main}
CRITICAL - 2021-12-21 17:38:08 --> syntax error, unexpected token "protected", expecting "," or ";"
#0 D:\xampp\htdocs\kinesport\system\Autoloader\Autoloader.php(241): CodeIgniter\Autoloader\Autoloader->includeFile('D:\\xampp\\htdocs...')
#1 D:\xampp\htdocs\kinesport\system\Autoloader\Autoloader.php(219): CodeIgniter\Autoloader\Autoloader->loadInNamespace('App\\Models\\Pers...')
#2 D:\xampp\htdocs\kinesport\app\Controllers\API\Personas.php(11): CodeIgniter\Autoloader\Autoloader->loadClass('App\\Models\\Pers...')
#3 D:\xampp\htdocs\kinesport\system\CodeIgniter.php(801): App\Controllers\API\Personas->__construct()
#4 D:\xampp\htdocs\kinesport\system\CodeIgniter.php(401): CodeIgniter\CodeIgniter->createController()
#5 D:\xampp\htdocs\kinesport\system\CodeIgniter.php(318): CodeIgniter\CodeIgniter->handleRequest(NULL, Object(Config\Cache), false)
#6 D:\xampp\htdocs\kinesport\public\index.php(37): CodeIgniter\CodeIgniter->run()
#7 {main}
CRITICAL - 2021-12-21 17:38:09 --> syntax error, unexpected token "protected", expecting "," or ";"
#0 D:\xampp\htdocs\kinesport\system\Autoloader\Autoloader.php(241): CodeIgniter\Autoloader\Autoloader->includeFile('D:\\xampp\\htdocs...')
#1 D:\xampp\htdocs\kinesport\system\Autoloader\Autoloader.php(219): CodeIgniter\Autoloader\Autoloader->loadInNamespace('App\\Models\\Pers...')
#2 D:\xampp\htdocs\kinesport\app\Controllers\API\Personas.php(11): CodeIgniter\Autoloader\Autoloader->loadClass('App\\Models\\Pers...')
#3 D:\xampp\htdocs\kinesport\system\CodeIgniter.php(801): App\Controllers\API\Personas->__construct()
#4 D:\xampp\htdocs\kinesport\system\CodeIgniter.php(401): CodeIgniter\CodeIgniter->createController()
#5 D:\xampp\htdocs\kinesport\system\CodeIgniter.php(318): CodeIgniter\CodeIgniter->handleRequest(NULL, Object(Config\Cache), false)
#6 D:\xampp\htdocs\kinesport\public\index.php(37): CodeIgniter\CodeIgniter->run()
#7 {main}
CRITICAL - 2021-12-21 17:38:09 --> syntax error, unexpected token "protected", expecting "," or ";"
#0 D:\xampp\htdocs\kinesport\system\Autoloader\Autoloader.php(241): CodeIgniter\Autoloader\Autoloader->includeFile('D:\\xampp\\htdocs...')
#1 D:\xampp\htdocs\kinesport\system\Autoloader\Autoloader.php(219): CodeIgniter\Autoloader\Autoloader->loadInNamespace('App\\Models\\Pers...')
#2 D:\xampp\htdocs\kinesport\app\Controllers\API\Personas.php(11): CodeIgniter\Autoloader\Autoloader->loadClass('App\\Models\\Pers...')
#3 D:\xampp\htdocs\kinesport\system\CodeIgniter.php(801): App\Controllers\API\Personas->__construct()
#4 D:\xampp\htdocs\kinesport\system\CodeIgniter.php(401): CodeIgniter\CodeIgniter->createController()
#5 D:\xampp\htdocs\kinesport\system\CodeIgniter.php(318): CodeIgniter\CodeIgniter->handleRequest(NULL, Object(Config\Cache), false)
#6 D:\xampp\htdocs\kinesport\public\index.php(37): CodeIgniter\CodeIgniter->run()
#7 {main}
CRITICAL - 2021-12-21 17:38:09 --> syntax error, unexpected token "protected", expecting "," or ";"
#0 D:\xampp\htdocs\kinesport\system\Autoloader\Autoloader.php(241): CodeIgniter\Autoloader\Autoloader->includeFile('D:\\xampp\\htdocs...')
#1 D:\xampp\htdocs\kinesport\system\Autoloader\Autoloader.php(219): CodeIgniter\Autoloader\Autoloader->loadInNamespace('App\\Models\\Pers...')
#2 D:\xampp\htdocs\kinesport\app\Controllers\API\Personas.php(11): CodeIgniter\Autoloader\Autoloader->loadClass('App\\Models\\Pers...')
#3 D:\xampp\htdocs\kinesport\system\CodeIgniter.php(801): App\Controllers\API\Personas->__construct()
#4 D:\xampp\htdocs\kinesport\system\CodeIgniter.php(401): CodeIgniter\CodeIgniter->createController()
#5 D:\xampp\htdocs\kinesport\system\CodeIgniter.php(318): CodeIgniter\CodeIgniter->handleRequest(NULL, Object(Config\Cache), false)
#6 D:\xampp\htdocs\kinesport\public\index.php(37): CodeIgniter\CodeIgniter->run()
#7 {main}
CRITICAL - 2021-12-21 17:38:09 --> syntax error, unexpected token "protected", expecting "," or ";"
#0 D:\xampp\htdocs\kinesport\system\Autoloader\Autoloader.php(241): CodeIgniter\Autoloader\Autoloader->includeFile('D:\\xampp\\htdocs...')
#1 D:\xampp\htdocs\kinesport\system\Autoloader\Autoloader.php(219): CodeIgniter\Autoloader\Autoloader->loadInNamespace('App\\Models\\Pers...')
#2 D:\xampp\htdocs\kinesport\app\Controllers\API\Personas.php(11): CodeIgniter\Autoloader\Autoloader->loadClass('App\\Models\\Pers...')
#3 D:\xampp\htdocs\kinesport\system\CodeIgniter.php(801): App\Controllers\API\Personas->__construct()
#4 D:\xampp\htdocs\kinesport\system\CodeIgniter.php(401): CodeIgniter\CodeIgniter->createController()
#5 D:\xampp\htdocs\kinesport\system\CodeIgniter.php(318): CodeIgniter\CodeIgniter->handleRequest(NULL, Object(Config\Cache), false)
#6 D:\xampp\htdocs\kinesport\public\index.php(37): CodeIgniter\CodeIgniter->run()
#7 {main}
CRITICAL - 2021-12-21 17:38:09 --> syntax error, unexpected token "protected", expecting "," or ";"
#0 D:\xampp\htdocs\kinesport\system\Autoloader\Autoloader.php(241): CodeIgniter\Autoloader\Autoloader->includeFile('D:\\xampp\\htdocs...')
#1 D:\xampp\htdocs\kinesport\system\Autoloader\Autoloader.php(219): CodeIgniter\Autoloader\Autoloader->loadInNamespace('App\\Models\\Pers...')
#2 D:\xampp\htdocs\kinesport\app\Controllers\API\Personas.php(11): CodeIgniter\Autoloader\Autoloader->loadClass('App\\Models\\Pers...')
#3 D:\xampp\htdocs\kinesport\system\CodeIgniter.php(801): App\Controllers\API\Personas->__construct()
#4 D:\xampp\htdocs\kinesport\system\CodeIgniter.php(401): CodeIgniter\CodeIgniter->createController()
#5 D:\xampp\htdocs\kinesport\system\CodeIgniter.php(318): CodeIgniter\CodeIgniter->handleRequest(NULL, Object(Config\Cache), false)
#6 D:\xampp\htdocs\kinesport\public\index.php(37): CodeIgniter\CodeIgniter->run()
#7 {main}
CRITICAL - 2021-12-21 17:38:10 --> syntax error, unexpected token "protected", expecting "," or ";"
#0 D:\xampp\htdocs\kinesport\system\Autoloader\Autoloader.php(241): CodeIgniter\Autoloader\Autoloader->includeFile('D:\\xampp\\htdocs...')
#1 D:\xampp\htdocs\kinesport\system\Autoloader\Autoloader.php(219): CodeIgniter\Autoloader\Autoloader->loadInNamespace('App\\Models\\Pers...')
#2 D:\xampp\htdocs\kinesport\app\Controllers\API\Personas.php(11): CodeIgniter\Autoloader\Autoloader->loadClass('App\\Models\\Pers...')
#3 D:\xampp\htdocs\kinesport\system\CodeIgniter.php(801): App\Controllers\API\Personas->__construct()
#4 D:\xampp\htdocs\kinesport\system\CodeIgniter.php(401): CodeIgniter\CodeIgniter->createController()
#5 D:\xampp\htdocs\kinesport\system\CodeIgniter.php(318): CodeIgniter\CodeIgniter->handleRequest(NULL, Object(Config\Cache), false)
#6 D:\xampp\htdocs\kinesport\public\index.php(37): CodeIgniter\CodeIgniter->run()
#7 {main}
CRITICAL - 2021-12-21 17:38:10 --> syntax error, unexpected token "protected", expecting "," or ";"
#0 D:\xampp\htdocs\kinesport\system\Autoloader\Autoloader.php(241): CodeIgniter\Autoloader\Autoloader->includeFile('D:\\xampp\\htdocs...')
#1 D:\xampp\htdocs\kinesport\system\Autoloader\Autoloader.php(219): CodeIgniter\Autoloader\Autoloader->loadInNamespace('App\\Models\\Pers...')
#2 D:\xampp\htdocs\kinesport\app\Controllers\API\Personas.php(11): CodeIgniter\Autoloader\Autoloader->loadClass('App\\Models\\Pers...')
#3 D:\xampp\htdocs\kinesport\system\CodeIgniter.php(801): App\Controllers\API\Personas->__construct()
#4 D:\xampp\htdocs\kinesport\system\CodeIgniter.php(401): CodeIgniter\CodeIgniter->createController()
#5 D:\xampp\htdocs\kinesport\system\CodeIgniter.php(318): CodeIgniter\CodeIgniter->handleRequest(NULL, Object(Config\Cache), false)
#6 D:\xampp\htdocs\kinesport\public\index.php(37): CodeIgniter\CodeIgniter->run()
#7 {main}
CRITICAL - 2021-12-21 17:38:10 --> syntax error, unexpected token "protected", expecting "," or ";"
#0 D:\xampp\htdocs\kinesport\system\Autoloader\Autoloader.php(241): CodeIgniter\Autoloader\Autoloader->includeFile('D:\\xampp\\htdocs...')
#1 D:\xampp\htdocs\kinesport\system\Autoloader\Autoloader.php(219): CodeIgniter\Autoloader\Autoloader->loadInNamespace('App\\Models\\Pers...')
#2 D:\xampp\htdocs\kinesport\app\Controllers\API\Personas.php(11): CodeIgniter\Autoloader\Autoloader->loadClass('App\\Models\\Pers...')
#3 D:\xampp\htdocs\kinesport\system\CodeIgniter.php(801): App\Controllers\API\Personas->__construct()
#4 D:\xampp\htdocs\kinesport\system\CodeIgniter.php(401): CodeIgniter\CodeIgniter->createController()
#5 D:\xampp\htdocs\kinesport\system\CodeIgniter.php(318): CodeIgniter\CodeIgniter->handleRequest(NULL, Object(Config\Cache), false)
#6 D:\xampp\htdocs\kinesport\public\index.php(37): CodeIgniter\CodeIgniter->run()
#7 {main}
CRITICAL - 2021-12-21 17:39:15 --> syntax error, unexpected token "protected", expecting "," or ";"
#0 D:\xampp\htdocs\kinesport\system\Autoloader\Autoloader.php(241): CodeIgniter\Autoloader\Autoloader->includeFile('D:\\xampp\\htdocs...')
#1 D:\xampp\htdocs\kinesport\system\Autoloader\Autoloader.php(219): CodeIgniter\Autoloader\Autoloader->loadInNamespace('App\\Models\\Pers...')
#2 D:\xampp\htdocs\kinesport\app\Controllers\API\Personas.php(11): CodeIgniter\Autoloader\Autoloader->loadClass('App\\Models\\Pers...')
#3 D:\xampp\htdocs\kinesport\system\CodeIgniter.php(801): App\Controllers\API\Personas->__construct()
#4 D:\xampp\htdocs\kinesport\system\CodeIgniter.php(401): CodeIgniter\CodeIgniter->createController()
#5 D:\xampp\htdocs\kinesport\system\CodeIgniter.php(318): CodeIgniter\CodeIgniter->handleRequest(NULL, Object(Config\Cache), false)
#6 D:\xampp\htdocs\kinesport\public\index.php(37): CodeIgniter\CodeIgniter->run()
#7 {main}
CRITICAL - 2021-12-21 17:52:43 --> syntax error, unexpected token "protected", expecting "," or ";"
#0 D:\xampp\htdocs\kinesport\system\Autoloader\Autoloader.php(241): CodeIgniter\Autoloader\Autoloader->includeFile('D:\\xampp\\htdocs...')
#1 D:\xampp\htdocs\kinesport\system\Autoloader\Autoloader.php(219): CodeIgniter\Autoloader\Autoloader->loadInNamespace('App\\Models\\Pers...')
#2 D:\xampp\htdocs\kinesport\app\Controllers\API\Personas.php(11): CodeIgniter\Autoloader\Autoloader->loadClass('App\\Models\\Pers...')
#3 D:\xampp\htdocs\kinesport\system\CodeIgniter.php(801): App\Controllers\API\Personas->__construct()
#4 D:\xampp\htdocs\kinesport\system\CodeIgniter.php(401): CodeIgniter\CodeIgniter->createController()
#5 D:\xampp\htdocs\kinesport\system\CodeIgniter.php(318): CodeIgniter\CodeIgniter->handleRequest(NULL, Object(Config\Cache), false)
#6 D:\xampp\htdocs\kinesport\public\index.php(37): CodeIgniter\CodeIgniter->run()
#7 {main}
CRITICAL - 2021-12-21 18:01:24 --> email is not a valid rule.
#0 D:\xampp\htdocs\kinesport\system\Validation\Validation.php(285): CodeIgniter\Validation\Exceptions\ValidationException::forRuleNotFound('email')
#1 D:\xampp\htdocs\kinesport\system\Validation\Validation.php(151): CodeIgniter\Validation\Validation->processRules('Email', 'Email', 'mariita@gmail.c...', Array, Array)
#2 D:\xampp\htdocs\kinesport\system\BaseModel.php(1347): CodeIgniter\Validation\Validation->run(Array, NULL, NULL)
#3 D:\xampp\htdocs\kinesport\system\BaseModel.php(707): CodeIgniter\BaseModel->validate(Array)
#4 D:\xampp\htdocs\kinesport\system\Model.php(620): CodeIgniter\BaseModel->insert(Array, true)
#5 D:\xampp\htdocs\kinesport\app\Controllers\API\Personas.php(24): CodeIgniter\Model->insert(Object(stdClass))
#6 D:\xampp\htdocs\kinesport\system\CodeIgniter.php(824): App\Controllers\API\Personas->create()
#7 D:\xampp\htdocs\kinesport\system\CodeIgniter.php(410): CodeIgniter\CodeIgniter->runController(Object(App\Controllers\API\Personas))
#8 D:\xampp\htdocs\kinesport\system\CodeIgniter.php(318): CodeIgniter\CodeIgniter->handleRequest(NULL, Object(Config\Cache), false)
#9 D:\xampp\htdocs\kinesport\public\index.php(37): CodeIgniter\CodeIgniter->run()
#10 {main}
CRITICAL - 2021-12-21 18:02:42 --> email is not a valid rule.
#0 D:\xampp\htdocs\kinesport\system\Validation\Validation.php(285): CodeIgniter\Validation\Exceptions\ValidationException::forRuleNotFound('email')
#1 D:\xampp\htdocs\kinesport\system\Validation\Validation.php(151): CodeIgniter\Validation\Validation->processRules('Email', 'Email', 'mariita@gmail.c...', Array, Array)
#2 D:\xampp\htdocs\kinesport\system\BaseModel.php(1347): CodeIgniter\Validation\Validation->run(Array, NULL, NULL)
#3 D:\xampp\htdocs\kinesport\system\BaseModel.php(707): CodeIgniter\BaseModel->validate(Array)
#4 D:\xampp\htdocs\kinesport\system\Model.php(620): CodeIgniter\BaseModel->insert(Array, true)
#5 D:\xampp\htdocs\kinesport\app\Controllers\API\Personas.php(24): CodeIgniter\Model->insert(Object(stdClass))
#6 D:\xampp\htdocs\kinesport\system\CodeIgniter.php(824): App\Controllers\API\Personas->create()
#7 D:\xampp\htdocs\kinesport\system\CodeIgniter.php(410): CodeIgniter\CodeIgniter->runController(Object(App\Controllers\API\Personas))
#8 D:\xampp\htdocs\kinesport\system\CodeIgniter.php(318): CodeIgniter\CodeIgniter->handleRequest(NULL, Object(Config\Cache), false)
#9 D:\xampp\htdocs\kinesport\public\index.php(37): CodeIgniter\CodeIgniter->run()
#10 {main}
CRITICAL - 2021-12-21 18:05:04 --> email is not a valid rule.
#0 D:\xampp\htdocs\kinesport\system\Validation\Validation.php(285): CodeIgniter\Validation\Exceptions\ValidationException::forRuleNotFound('email')
#1 D:\xampp\htdocs\kinesport\system\Validation\Validation.php(151): CodeIgniter\Validation\Validation->processRules('Email', 'Email', 'mariita@gmail.c...', Array, Array)
#2 D:\xampp\htdocs\kinesport\system\BaseModel.php(1347): CodeIgniter\Validation\Validation->run(Array, NULL, NULL)
#3 D:\xampp\htdocs\kinesport\system\BaseModel.php(707): CodeIgniter\BaseModel->validate(Array)
#4 D:\xampp\htdocs\kinesport\system\Model.php(620): CodeIgniter\BaseModel->insert(Array, true)
#5 D:\xampp\htdocs\kinesport\app\Controllers\API\Personas.php(24): CodeIgniter\Model->insert(Object(stdClass))
#6 D:\xampp\htdocs\kinesport\system\CodeIgniter.php(824): App\Controllers\API\Personas->create()
#7 D:\xampp\htdocs\kinesport\system\CodeIgniter.php(410): CodeIgniter\CodeIgniter->runController(Object(App\Controllers\API\Personas))
#8 D:\xampp\htdocs\kinesport\system\CodeIgniter.php(318): CodeIgniter\CodeIgniter->handleRequest(NULL, Object(Config\Cache), false)
#9 D:\xampp\htdocs\kinesport\public\index.php(37): CodeIgniter\CodeIgniter->run()
#10 {main}
CRITICAL - 2021-12-21 18:05:06 --> email is not a valid rule.
#0 D:\xampp\htdocs\kinesport\system\Validation\Validation.php(285): CodeIgniter\Validation\Exceptions\ValidationException::forRuleNotFound('email')
#1 D:\xampp\htdocs\kinesport\system\Validation\Validation.php(151): CodeIgniter\Validation\Validation->processRules('Email', 'Email', 'mariita@gmail.c...', Array, Array)
#2 D:\xampp\htdocs\kinesport\system\BaseModel.php(1347): CodeIgniter\Validation\Validation->run(Array, NULL, NULL)
#3 D:\xampp\htdocs\kinesport\system\BaseModel.php(707): CodeIgniter\BaseModel->validate(Array)
#4 D:\xampp\htdocs\kinesport\system\Model.php(620): CodeIgniter\BaseModel->insert(Array, true)
#5 D:\xampp\htdocs\kinesport\app\Controllers\API\Personas.php(24): CodeIgniter\Model->insert(Object(stdClass))
#6 D:\xampp\htdocs\kinesport\system\CodeIgniter.php(824): App\Controllers\API\Personas->create()
#7 D:\xampp\htdocs\kinesport\system\CodeIgniter.php(410): CodeIgniter\CodeIgniter->runController(Object(App\Controllers\API\Personas))
#8 D:\xampp\htdocs\kinesport\system\CodeIgniter.php(318): CodeIgniter\CodeIgniter->handleRequest(NULL, Object(Config\Cache), false)
#9 D:\xampp\htdocs\kinesport\public\index.php(37): CodeIgniter\CodeIgniter->run()
#10 {main}
CRITICAL - 2021-12-21 18:05:07 --> email is not a valid rule.
#0 D:\xampp\htdocs\kinesport\system\Validation\Validation.php(285): CodeIgniter\Validation\Exceptions\ValidationException::forRuleNotFound('email')
#1 D:\xampp\htdocs\kinesport\system\Validation\Validation.php(151): CodeIgniter\Validation\Validation->processRules('Email', 'Email', 'mariita@gmail.c...', Array, Array)
#2 D:\xampp\htdocs\kinesport\system\BaseModel.php(1347): CodeIgniter\Validation\Validation->run(Array, NULL, NULL)
#3 D:\xampp\htdocs\kinesport\system\BaseModel.php(707): CodeIgniter\BaseModel->validate(Array)
#4 D:\xampp\htdocs\kinesport\system\Model.php(620): CodeIgniter\BaseModel->insert(Array, true)
#5 D:\xampp\htdocs\kinesport\app\Controllers\API\Personas.php(24): CodeIgniter\Model->insert(Object(stdClass))
#6 D:\xampp\htdocs\kinesport\system\CodeIgniter.php(824): App\Controllers\API\Personas->create()
#7 D:\xampp\htdocs\kinesport\system\CodeIgniter.php(410): CodeIgniter\CodeIgniter->runController(Object(App\Controllers\API\Personas))
#8 D:\xampp\htdocs\kinesport\system\CodeIgniter.php(318): CodeIgniter\CodeIgniter->handleRequest(NULL, Object(Config\Cache), false)
#9 D:\xampp\htdocs\kinesport\public\index.php(37): CodeIgniter\CodeIgniter->run()
#10 {main}
CRITICAL - 2021-12-21 18:07:49 --> email is not a valid rule.
#0 D:\xampp\htdocs\kinesport\system\Validation\Validation.php(285): CodeIgniter\Validation\Exceptions\ValidationException::forRuleNotFound('email')
#1 D:\xampp\htdocs\kinesport\system\Validation\Validation.php(151): CodeIgniter\Validation\Validation->processRules('Email', 'Email', 'mariita@gmail.c...', Array, Array)
#2 D:\xampp\htdocs\kinesport\system\BaseModel.php(1347): CodeIgniter\Validation\Validation->run(Array, NULL, NULL)
#3 D:\xampp\htdocs\kinesport\system\BaseModel.php(835): CodeIgniter\BaseModel->validate(Array)
#4 D:\xampp\htdocs\kinesport\system\Model.php(646): CodeIgniter\BaseModel->update(Array, Array)
#5 D:\xampp\htdocs\kinesport\app\Controllers\API\Personas.php(64): CodeIgniter\Model->update('1', Object(stdClass))
#6 D:\xampp\htdocs\kinesport\system\CodeIgniter.php(824): App\Controllers\API\Personas->update('1')
#7 D:\xampp\htdocs\kinesport\system\CodeIgniter.php(410): CodeIgniter\CodeIgniter->runController(Object(App\Controllers\API\Personas))
#8 D:\xampp\htdocs\kinesport\system\CodeIgniter.php(318): CodeIgniter\CodeIgniter->handleRequest(NULL, Object(Config\Cache), false)
#9 D:\xampp\htdocs\kinesport\public\index.php(37): CodeIgniter\CodeIgniter->run()
#10 {main}
CRITICAL - 2021-12-21 18:07:55 --> email is not a valid rule.
#0 D:\xampp\htdocs\kinesport\system\Validation\Validation.php(285): CodeIgniter\Validation\Exceptions\ValidationException::forRuleNotFound('email')
#1 D:\xampp\htdocs\kinesport\system\Validation\Validation.php(151): CodeIgniter\Validation\Validation->processRules('Email', 'Email', 'mariita@gmail.c...', Array, Array)
#2 D:\xampp\htdocs\kinesport\system\BaseModel.php(1347): CodeIgniter\Validation\Validation->run(Array, NULL, NULL)
#3 D:\xampp\htdocs\kinesport\system\BaseModel.php(835): CodeIgniter\BaseModel->validate(Array)
#4 D:\xampp\htdocs\kinesport\system\Model.php(646): CodeIgniter\BaseModel->update(Array, Array)
#5 D:\xampp\htdocs\kinesport\app\Controllers\API\Personas.php(64): CodeIgniter\Model->update('1', Object(stdClass))
#6 D:\xampp\htdocs\kinesport\system\CodeIgniter.php(824): App\Controllers\API\Personas->update('1')
#7 D:\xampp\htdocs\kinesport\system\CodeIgniter.php(410): CodeIgniter\CodeIgniter->runController(Object(App\Controllers\API\Personas))
#8 D:\xampp\htdocs\kinesport\system\CodeIgniter.php(318): CodeIgniter\CodeIgniter->handleRequest(NULL, Object(Config\Cache), false)
#9 D:\xampp\htdocs\kinesport\public\index.php(37): CodeIgniter\CodeIgniter->run()
#10 {main}
CRITICAL - 2021-12-21 18:08:03 --> email is not a valid rule.
#0 D:\xampp\htdocs\kinesport\system\Validation\Validation.php(285): CodeIgniter\Validation\Exceptions\ValidationException::forRuleNotFound('email')
#1 D:\xampp\htdocs\kinesport\system\Validation\Validation.php(151): CodeIgniter\Validation\Validation->processRules('Email', 'Email', 'mariita@gmail.c...', Array, Array)
#2 D:\xampp\htdocs\kinesport\system\BaseModel.php(1347): CodeIgniter\Validation\Validation->run(Array, NULL, NULL)
#3 D:\xampp\htdocs\kinesport\system\BaseModel.php(835): CodeIgniter\BaseModel->validate(Array)
#4 D:\xampp\htdocs\kinesport\system\Model.php(646): CodeIgniter\BaseModel->update(Array, Array)
#5 D:\xampp\htdocs\kinesport\app\Controllers\API\Personas.php(64): CodeIgniter\Model->update('1', Object(stdClass))
#6 D:\xampp\htdocs\kinesport\system\CodeIgniter.php(824): App\Controllers\API\Personas->update('1')
#7 D:\xampp\htdocs\kinesport\system\CodeIgniter.php(410): CodeIgniter\CodeIgniter->runController(Object(App\Controllers\API\Personas))
#8 D:\xampp\htdocs\kinesport\system\CodeIgniter.php(318): CodeIgniter\CodeIgniter->handleRequest(NULL, Object(Config\Cache), false)
#9 D:\xampp\htdocs\kinesport\public\index.php(37): CodeIgniter\CodeIgniter->run()
#10 {main}
CRITICAL - 2021-12-21 18:13:08 --> email is not a valid rule.
#0 D:\xampp\htdocs\kinesport\system\Validation\Validation.php(285): CodeIgniter\Validation\Exceptions\ValidationException::forRuleNotFound('email')
#1 D:\xampp\htdocs\kinesport\system\Validation\Validation.php(151): CodeIgniter\Validation\Validation->processRules('Email', 'Email', 'mariita@gmail.c...', Array, Array)
#2 D:\xampp\htdocs\kinesport\system\BaseModel.php(1347): CodeIgniter\Validation\Validation->run(Array, NULL, NULL)
#3 D:\xampp\htdocs\kinesport\system\BaseModel.php(707): CodeIgniter\BaseModel->validate(Array)
#4 D:\xampp\htdocs\kinesport\system\Model.php(620): CodeIgniter\BaseModel->insert(Array, true)
#5 D:\xampp\htdocs\kinesport\app\Controllers\API\Personas.php(24): CodeIgniter\Model->insert(Object(stdClass))
#6 D:\xampp\htdocs\kinesport\system\CodeIgniter.php(824): App\Controllers\API\Personas->create()
#7 D:\xampp\htdocs\kinesport\system\CodeIgniter.php(410): CodeIgniter\CodeIgniter->runController(Object(App\Controllers\API\Personas))
#8 D:\xampp\htdocs\kinesport\system\CodeIgniter.php(318): CodeIgniter\CodeIgniter->handleRequest(NULL, Object(Config\Cache), false)
#9 D:\xampp\htdocs\kinesport\public\index.php(37): CodeIgniter\CodeIgniter->run()
#10 {main}
CRITICAL - 2021-12-21 18:13:46 --> email is not a valid rule.
#0 D:\xampp\htdocs\kinesport\system\Validation\Validation.php(285): CodeIgniter\Validation\Exceptions\ValidationException::forRuleNotFound('email')
#1 D:\xampp\htdocs\kinesport\system\Validation\Validation.php(151): CodeIgniter\Validation\Validation->processRules('Email', 'Email', 'mariita@gmail.c...', Array, Array)
#2 D:\xampp\htdocs\kinesport\system\BaseModel.php(1347): CodeIgniter\Validation\Validation->run(Array, NULL, NULL)
#3 D:\xampp\htdocs\kinesport\system\BaseModel.php(707): CodeIgniter\BaseModel->validate(Array)
#4 D:\xampp\htdocs\kinesport\system\Model.php(620): CodeIgniter\BaseModel->insert(Array, true)
#5 D:\xampp\htdocs\kinesport\app\Controllers\API\Personas.php(24): CodeIgniter\Model->insert(Object(stdClass))
#6 D:\xampp\htdocs\kinesport\system\CodeIgniter.php(824): App\Controllers\API\Personas->create()
#7 D:\xampp\htdocs\kinesport\system\CodeIgniter.php(410): CodeIgniter\CodeIgniter->runController(Object(App\Controllers\API\Personas))
#8 D:\xampp\htdocs\kinesport\system\CodeIgniter.php(318): CodeIgniter\CodeIgniter->handleRequest(NULL, Object(Config\Cache), false)
#9 D:\xampp\htdocs\kinesport\public\index.php(37): CodeIgniter\CodeIgniter->run()
#10 {main}
CRITICAL - 2021-12-21 18:13:56 --> email is not a valid rule.
#0 D:\xampp\htdocs\kinesport\system\Validation\Validation.php(285): CodeIgniter\Validation\Exceptions\ValidationException::forRuleNotFound('email')
#1 D:\xampp\htdocs\kinesport\system\Validation\Validation.php(151): CodeIgniter\Validation\Validation->processRules('Email', 'Email', 'mariita@gmail.c...', Array, Array)
#2 D:\xampp\htdocs\kinesport\system\BaseModel.php(1347): CodeIgniter\Validation\Validation->run(Array, NULL, NULL)
#3 D:\xampp\htdocs\kinesport\system\BaseModel.php(707): CodeIgniter\BaseModel->validate(Array)
#4 D:\xampp\htdocs\kinesport\system\Model.php(620): CodeIgniter\BaseModel->insert(Array, true)
#5 D:\xampp\htdocs\kinesport\app\Controllers\API\Personas.php(24): CodeIgniter\Model->insert(Object(stdClass))
#6 D:\xampp\htdocs\kinesport\system\CodeIgniter.php(824): App\Controllers\API\Personas->create()
#7 D:\xampp\htdocs\kinesport\system\CodeIgniter.php(410): CodeIgniter\CodeIgniter->runController(Object(App\Controllers\API\Personas))
#8 D:\xampp\htdocs\kinesport\system\CodeIgniter.php(318): CodeIgniter\CodeIgniter->handleRequest(NULL, Object(Config\Cache), false)
#9 D:\xampp\htdocs\kinesport\public\index.php(37): CodeIgniter\CodeIgniter->run()
#10 {main}
CRITICAL - 2021-12-21 18:14:08 --> email is not a valid rule.
#0 D:\xampp\htdocs\kinesport\system\Validation\Validation.php(285): CodeIgniter\Validation\Exceptions\ValidationException::forRuleNotFound('email')
#1 D:\xampp\htdocs\kinesport\system\Validation\Validation.php(151): CodeIgniter\Validation\Validation->processRules('Email', 'Email', 'mariita@gmail.c...', Array, Array)
#2 D:\xampp\htdocs\kinesport\system\BaseModel.php(1347): CodeIgniter\Validation\Validation->run(Array, NULL, NULL)
#3 D:\xampp\htdocs\kinesport\system\BaseModel.php(707): CodeIgniter\BaseModel->validate(Array)
#4 D:\xampp\htdocs\kinesport\system\Model.php(620): CodeIgniter\BaseModel->insert(Array, true)
#5 D:\xampp\htdocs\kinesport\app\Controllers\API\Personas.php(24): CodeIgniter\Model->insert(Object(stdClass))
#6 D:\xampp\htdocs\kinesport\system\CodeIgniter.php(824): App\Controllers\API\Personas->create()
#7 D:\xampp\htdocs\kinesport\system\CodeIgniter.php(410): CodeIgniter\CodeIgniter->runController(Object(App\Controllers\API\Personas))
#8 D:\xampp\htdocs\kinesport\system\CodeIgniter.php(318): CodeIgniter\CodeIgniter->handleRequest(NULL, Object(Config\Cache), false)
#9 D:\xampp\htdocs\kinesport\public\index.php(37): CodeIgniter\CodeIgniter->run()
#10 {main}
CRITICAL - 2021-12-21 18:34:43 --> syntax error, unexpected token "protected", expecting "," or ";"
#0 D:\xampp\htdocs\kinesport\system\Autoloader\Autoloader.php(241): CodeIgniter\Autoloader\Autoloader->includeFile('D:\\xampp\\htdocs...')
#1 D:\xampp\htdocs\kinesport\system\Autoloader\Autoloader.php(219): CodeIgniter\Autoloader\Autoloader->loadInNamespace('App\\Models\\Usua...')
#2 D:\xampp\htdocs\kinesport\app\Controllers\API\Usuarios.php(11): CodeIgniter\Autoloader\Autoloader->loadClass('App\\Models\\Usua...')
#3 D:\xampp\htdocs\kinesport\system\CodeIgniter.php(801): App\Controllers\API\Usuarios->__construct()
#4 D:\xampp\htdocs\kinesport\system\CodeIgniter.php(401): CodeIgniter\CodeIgniter->createController()
#5 D:\xampp\htdocs\kinesport\system\CodeIgniter.php(318): CodeIgniter\CodeIgniter->handleRequest(NULL, Object(Config\Cache), false)
#6 D:\xampp\htdocs\kinesport\public\index.php(37): CodeIgniter\CodeIgniter->run()
#7 {main}
CRITICAL - 2021-12-21 18:42:27 --> Class "Config\Validacion" not found
#0 D:\xampp\htdocs\kinesport\system\Validation\Validation.php(115): CodeIgniter\Validation\Validation->loadRuleSets()
#1 D:\xampp\htdocs\kinesport\system\BaseModel.php(1347): CodeIgniter\Validation\Validation->run(Array, NULL, NULL)
#2 D:\xampp\htdocs\kinesport\system\BaseModel.php(707): CodeIgniter\BaseModel->validate(Array)
#3 D:\xampp\htdocs\kinesport\system\Model.php(620): CodeIgniter\BaseModel->insert(Array, true)
#4 D:\xampp\htdocs\kinesport\app\Controllers\API\Usuarios.php(24): CodeIgniter\Model->insert(Object(stdClass))
#5 D:\xampp\htdocs\kinesport\system\CodeIgniter.php(824): App\Controllers\API\Usuarios->create()
#6 D:\xampp\htdocs\kinesport\system\CodeIgniter.php(410): CodeIgniter\CodeIgniter->runController(Object(App\Controllers\API\Usuarios))
#7 D:\xampp\htdocs\kinesport\system\CodeIgniter.php(318): CodeIgniter\CodeIgniter->handleRequest(NULL, Object(Config\Cache), false)
#8 D:\xampp\htdocs\kinesport\public\index.php(37): CodeIgniter\CodeIgniter->run()
#9 {main}
CRITICAL - 2021-12-21 18:45:21 --> Class "Config\Validacion" not found
#0 D:\xampp\htdocs\kinesport\system\Validation\Validation.php(115): CodeIgniter\Validation\Validation->loadRuleSets()
#1 D:\xampp\htdocs\kinesport\system\BaseModel.php(1347): CodeIgniter\Validation\Validation->run(Array, NULL, NULL)
#2 D:\xampp\htdocs\kinesport\system\BaseModel.php(707): CodeIgniter\BaseModel->validate(Array)
#3 D:\xampp\htdocs\kinesport\system\Model.php(620): CodeIgniter\BaseModel->insert(Array, true)
#4 D:\xampp\htdocs\kinesport\app\Controllers\API\Usuarios.php(24): CodeIgniter\Model->insert(Object(stdClass))
#5 D:\xampp\htdocs\kinesport\system\CodeIgniter.php(824): App\Controllers\API\Usuarios->create()
#6 D:\xampp\htdocs\kinesport\system\CodeIgniter.php(410): CodeIgniter\CodeIgniter->runController(Object(App\Controllers\API\Usuarios))
#7 D:\xampp\htdocs\kinesport\system\CodeIgniter.php(318): CodeIgniter\CodeIgniter->handleRequest(NULL, Object(Config\Cache), false)
#8 D:\xampp\htdocs\kinesport\public\index.php(37): CodeIgniter\CodeIgniter->run()
#9 {main}
CRITICAL - 2021-12-21 18:45:23 --> Class "Config\Validacion" not found
#0 D:\xampp\htdocs\kinesport\system\Validation\Validation.php(115): CodeIgniter\Validation\Validation->loadRuleSets()
#1 D:\xampp\htdocs\kinesport\system\BaseModel.php(1347): CodeIgniter\Validation\Validation->run(Array, NULL, NULL)
#2 D:\xampp\htdocs\kinesport\system\BaseModel.php(707): CodeIgniter\BaseModel->validate(Array)
#3 D:\xampp\htdocs\kinesport\system\Model.php(620): CodeIgniter\BaseModel->insert(Array, true)
#4 D:\xampp\htdocs\kinesport\app\Controllers\API\Usuarios.php(24): CodeIgniter\Model->insert(Object(stdClass))
#5 D:\xampp\htdocs\kinesport\system\CodeIgniter.php(824): App\Controllers\API\Usuarios->create()
#6 D:\xampp\htdocs\kinesport\system\CodeIgniter.php(410): CodeIgniter\CodeIgniter->runController(Object(App\Controllers\API\Usuarios))
#7 D:\xampp\htdocs\kinesport\system\CodeIgniter.php(318): CodeIgniter\CodeIgniter->handleRequest(NULL, Object(Config\Cache), false)
#8 D:\xampp\htdocs\kinesport\public\index.php(37): CodeIgniter\CodeIgniter->run()
#9 {main}
CRITICAL - 2021-12-21 18:50:01 --> Class "Config\Validacion" not found
#0 D:\xampp\htdocs\kinesport\system\Validation\Validation.php(115): CodeIgniter\Validation\Validation->loadRuleSets()
#1 D:\xampp\htdocs\kinesport\system\BaseModel.php(1347): CodeIgniter\Validation\Validation->run(Array, NULL, NULL)
#2 D:\xampp\htdocs\kinesport\system\BaseModel.php(707): CodeIgniter\BaseModel->validate(Array)
#3 D:\xampp\htdocs\kinesport\system\Model.php(620): CodeIgniter\BaseModel->insert(Array, true)
#4 D:\xampp\htdocs\kinesport\app\Controllers\API\Usuarios.php(24): CodeIgniter\Model->insert(Object(stdClass))
#5 D:\xampp\htdocs\kinesport\system\CodeIgniter.php(824): App\Controllers\API\Usuarios->create()
#6 D:\xampp\htdocs\kinesport\system\CodeIgniter.php(410): CodeIgniter\CodeIgniter->runController(Object(App\Controllers\API\Usuarios))
#7 D:\xampp\htdocs\kinesport\system\CodeIgniter.php(318): CodeIgniter\CodeIgniter->handleRequest(NULL, Object(Config\Cache), false)
#8 D:\xampp\htdocs\kinesport\public\index.php(37): CodeIgniter\CodeIgniter->run()
#9 {main}
CRITICAL - 2021-12-21 18:50:04 --> Class "Config\Validacion" not found
#0 D:\xampp\htdocs\kinesport\system\Validation\Validation.php(115): CodeIgniter\Validation\Validation->loadRuleSets()
#1 D:\xampp\htdocs\kinesport\system\BaseModel.php(1347): CodeIgniter\Validation\Validation->run(Array, NULL, NULL)
#2 D:\xampp\htdocs\kinesport\system\BaseModel.php(707): CodeIgniter\BaseModel->validate(Array)
#3 D:\xampp\htdocs\kinesport\system\Model.php(620): CodeIgniter\BaseModel->insert(Array, true)
#4 D:\xampp\htdocs\kinesport\app\Controllers\API\Usuarios.php(24): CodeIgniter\Model->insert(Object(stdClass))
#5 D:\xampp\htdocs\kinesport\system\CodeIgniter.php(824): App\Controllers\API\Usuarios->create()
#6 D:\xampp\htdocs\kinesport\system\CodeIgniter.php(410): CodeIgniter\CodeIgniter->runController(Object(App\Controllers\API\Usuarios))
#7 D:\xampp\htdocs\kinesport\system\CodeIgniter.php(318): CodeIgniter\CodeIgniter->handleRequest(NULL, Object(Config\Cache), false)
#8 D:\xampp\htdocs\kinesport\public\index.php(37): CodeIgniter\CodeIgniter->run()
#9 {main}
CRITICAL - 2021-12-21 18:51:30 --> Class "Config\Validacion" not found
#0 D:\xampp\htdocs\kinesport\system\Validation\Validation.php(115): CodeIgniter\Validation\Validation->loadRuleSets()
#1 D:\xampp\htdocs\kinesport\system\BaseModel.php(1347): CodeIgniter\Validation\Validation->run(Array, NULL, NULL)
#2 D:\xampp\htdocs\kinesport\system\BaseModel.php(707): CodeIgniter\BaseModel->validate(Array)
#3 D:\xampp\htdocs\kinesport\system\Model.php(620): CodeIgniter\BaseModel->insert(Array, true)
#4 D:\xampp\htdocs\kinesport\app\Controllers\API\Usuarios.php(24): CodeIgniter\Model->insert(Object(stdClass))
#5 D:\xampp\htdocs\kinesport\system\CodeIgniter.php(824): App\Controllers\API\Usuarios->create()
#6 D:\xampp\htdocs\kinesport\system\CodeIgniter.php(410): CodeIgniter\CodeIgniter->runController(Object(App\Controllers\API\Usuarios))
#7 D:\xampp\htdocs\kinesport\system\CodeIgniter.php(318): CodeIgniter\CodeIgniter->handleRequest(NULL, Object(Config\Cache), false)
#8 D:\xampp\htdocs\kinesport\public\index.php(37): CodeIgniter\CodeIgniter->run()
#9 {main}
CRITICAL - 2021-12-21 18:51:32 --> Class "Config\Validacion" not found
#0 D:\xampp\htdocs\kinesport\system\Validation\Validation.php(115): CodeIgniter\Validation\Validation->loadRuleSets()
#1 D:\xampp\htdocs\kinesport\system\BaseModel.php(1347): CodeIgniter\Validation\Validation->run(Array, NULL, NULL)
#2 D:\xampp\htdocs\kinesport\system\BaseModel.php(707): CodeIgniter\BaseModel->validate(Array)
#3 D:\xampp\htdocs\kinesport\system\Model.php(620): CodeIgniter\BaseModel->insert(Array, true)
#4 D:\xampp\htdocs\kinesport\app\Controllers\API\Usuarios.php(24): CodeIgniter\Model->insert(Object(stdClass))
#5 D:\xampp\htdocs\kinesport\system\CodeIgniter.php(824): App\Controllers\API\Usuarios->create()
#6 D:\xampp\htdocs\kinesport\system\CodeIgniter.php(410): CodeIgniter\CodeIgniter->runController(Object(App\Controllers\API\Usuarios))
#7 D:\xampp\htdocs\kinesport\system\CodeIgniter.php(318): CodeIgniter\CodeIgniter->handleRequest(NULL, Object(Config\Cache), false)
#8 D:\xampp\htdocs\kinesport\public\index.php(37): CodeIgniter\CodeIgniter->run()
#9 {main}
CRITICAL - 2021-12-21 18:51:39 --> Class "Config\Validacion" not found
#0 D:\xampp\htdocs\kinesport\system\Validation\Validation.php(115): CodeIgniter\Validation\Validation->loadRuleSets()
#1 D:\xampp\htdocs\kinesport\system\BaseModel.php(1347): CodeIgniter\Validation\Validation->run(Array, NULL, NULL)
#2 D:\xampp\htdocs\kinesport\system\BaseModel.php(707): CodeIgniter\BaseModel->validate(Array)
#3 D:\xampp\htdocs\kinesport\system\Model.php(620): CodeIgniter\BaseModel->insert(Array, true)
#4 D:\xampp\htdocs\kinesport\app\Controllers\API\Usuarios.php(24): CodeIgniter\Model->insert(Object(stdClass))
#5 D:\xampp\htdocs\kinesport\system\CodeIgniter.php(824): App\Controllers\API\Usuarios->create()
#6 D:\xampp\htdocs\kinesport\system\CodeIgniter.php(410): CodeIgniter\CodeIgniter->runController(Object(App\Controllers\API\Usuarios))
#7 D:\xampp\htdocs\kinesport\system\CodeIgniter.php(318): CodeIgniter\CodeIgniter->handleRequest(NULL, Object(Config\Cache), false)
#8 D:\xampp\htdocs\kinesport\public\index.php(37): CodeIgniter\CodeIgniter->run()
#9 {main}
CRITICAL - 2021-12-21 18:53:00 --> Class "Config\Validacion" not found
#0 D:\xampp\htdocs\kinesport\system\Validation\Validation.php(115): CodeIgniter\Validation\Validation->loadRuleSets()
#1 D:\xampp\htdocs\kinesport\system\BaseModel.php(1347): CodeIgniter\Validation\Validation->run(Array, NULL, NULL)
#2 D:\xampp\htdocs\kinesport\system\BaseModel.php(707): CodeIgniter\BaseModel->validate(Array)
#3 D:\xampp\htdocs\kinesport\system\Model.php(620): CodeIgniter\BaseModel->insert(Array, true)
#4 D:\xampp\htdocs\kinesport\app\Controllers\API\Usuarios.php(24): CodeIgniter\Model->insert(Object(stdClass))
#5 D:\xampp\htdocs\kinesport\system\CodeIgniter.php(824): App\Controllers\API\Usuarios->create()
#6 D:\xampp\htdocs\kinesport\system\CodeIgniter.php(410): CodeIgniter\CodeIgniter->runController(Object(App\Controllers\API\Usuarios))
#7 D:\xampp\htdocs\kinesport\system\CodeIgniter.php(318): CodeIgniter\CodeIgniter->handleRequest(NULL, Object(Config\Cache), false)
#8 D:\xampp\htdocs\kinesport\public\index.php(37): CodeIgniter\CodeIgniter->run()
#9 {main}
CRITICAL - 2021-12-21 18:53:01 --> Class "Config\Validacion" not found
#0 D:\xampp\htdocs\kinesport\system\Validation\Validation.php(115): CodeIgniter\Validation\Validation->loadRuleSets()
#1 D:\xampp\htdocs\kinesport\system\BaseModel.php(1347): CodeIgniter\Validation\Validation->run(Array, NULL, NULL)
#2 D:\xampp\htdocs\kinesport\system\BaseModel.php(707): CodeIgniter\BaseModel->validate(Array)
#3 D:\xampp\htdocs\kinesport\system\Model.php(620): CodeIgniter\BaseModel->insert(Array, true)
#4 D:\xampp\htdocs\kinesport\app\Controllers\API\Usuarios.php(24): CodeIgniter\Model->insert(Object(stdClass))
#5 D:\xampp\htdocs\kinesport\system\CodeIgniter.php(824): App\Controllers\API\Usuarios->create()
#6 D:\xampp\htdocs\kinesport\system\CodeIgniter.php(410): CodeIgniter\CodeIgniter->runController(Object(App\Controllers\API\Usuarios))
#7 D:\xampp\htdocs\kinesport\system\CodeIgniter.php(318): CodeIgniter\CodeIgniter->handleRequest(NULL, Object(Config\Cache), false)
#8 D:\xampp\htdocs\kinesport\public\index.php(37): CodeIgniter\CodeIgniter->run()
#9 {main}
CRITICAL - 2021-12-21 18:54:15 --> Class "Config\Validacion" not found
#0 D:\xampp\htdocs\kinesport\system\Validation\Validation.php(115): CodeIgniter\Validation\Validation->loadRuleSets()
#1 D:\xampp\htdocs\kinesport\system\BaseModel.php(1347): CodeIgniter\Validation\Validation->run(Array, NULL, NULL)
#2 D:\xampp\htdocs\kinesport\system\BaseModel.php(707): CodeIgniter\BaseModel->validate(Array)
#3 D:\xampp\htdocs\kinesport\system\Model.php(620): CodeIgniter\BaseModel->insert(Array, true)
#4 D:\xampp\htdocs\kinesport\app\Controllers\API\Usuarios.php(24): CodeIgniter\Model->insert(Object(stdClass))
#5 D:\xampp\htdocs\kinesport\system\CodeIgniter.php(824): App\Controllers\API\Usuarios->create()
#6 D:\xampp\htdocs\kinesport\system\CodeIgniter.php(410): CodeIgniter\CodeIgniter->runController(Object(App\Controllers\API\Usuarios))
#7 D:\xampp\htdocs\kinesport\system\CodeIgniter.php(318): CodeIgniter\CodeIgniter->handleRequest(NULL, Object(Config\Cache), false)
#8 D:\xampp\htdocs\kinesport\public\index.php(37): CodeIgniter\CodeIgniter->run()
#9 {main}
CRITICAL - 2021-12-21 18:55:49 --> Class "Config\Validacion" not found
#0 D:\xampp\htdocs\kinesport\system\Validation\Validation.php(115): CodeIgniter\Validation\Validation->loadRuleSets()
#1 D:\xampp\htdocs\kinesport\system\BaseModel.php(1347): CodeIgniter\Validation\Validation->run(Array, NULL, NULL)
#2 D:\xampp\htdocs\kinesport\system\BaseModel.php(707): CodeIgniter\BaseModel->validate(Array)
#3 D:\xampp\htdocs\kinesport\system\Model.php(620): CodeIgniter\BaseModel->insert(Array, true)
#4 D:\xampp\htdocs\kinesport\app\Controllers\API\Usuarios.php(24): CodeIgniter\Model->insert(Object(stdClass))
#5 D:\xampp\htdocs\kinesport\system\CodeIgniter.php(824): App\Controllers\API\Usuarios->create()
#6 D:\xampp\htdocs\kinesport\system\CodeIgniter.php(410): CodeIgniter\CodeIgniter->runController(Object(App\Controllers\API\Usuarios))
#7 D:\xampp\htdocs\kinesport\system\CodeIgniter.php(318): CodeIgniter\CodeIgniter->handleRequest(NULL, Object(Config\Cache), false)
#8 D:\xampp\htdocs\kinesport\public\index.php(37): CodeIgniter\CodeIgniter->run()
#9 {main}
CRITICAL - 2021-12-21 18:55:51 --> Class "Config\Validacion" not found
#0 D:\xampp\htdocs\kinesport\system\Validation\Validation.php(115): CodeIgniter\Validation\Validation->loadRuleSets()
#1 D:\xampp\htdocs\kinesport\system\BaseModel.php(1347): CodeIgniter\Validation\Validation->run(Array, NULL, NULL)
#2 D:\xampp\htdocs\kinesport\system\BaseModel.php(707): CodeIgniter\BaseModel->validate(Array)
#3 D:\xampp\htdocs\kinesport\system\Model.php(620): CodeIgniter\BaseModel->insert(Array, true)
#4 D:\xampp\htdocs\kinesport\app\Controllers\API\Usuarios.php(24): CodeIgniter\Model->insert(Object(stdClass))
#5 D:\xampp\htdocs\kinesport\system\CodeIgniter.php(824): App\Controllers\API\Usuarios->create()
#6 D:\xampp\htdocs\kinesport\system\CodeIgniter.php(410): CodeIgniter\CodeIgniter->runController(Object(App\Controllers\API\Usuarios))
#7 D:\xampp\htdocs\kinesport\system\CodeIgniter.php(318): CodeIgniter\CodeIgniter->handleRequest(NULL, Object(Config\Cache), false)
#8 D:\xampp\htdocs\kinesport\public\index.php(37): CodeIgniter\CodeIgniter->run()
#9 {main}
CRITICAL - 2021-12-21 18:57:41 --> alphanum is not a valid rule.
#0 D:\xampp\htdocs\kinesport\system\Validation\Validation.php(285): CodeIgniter\Validation\Exceptions\ValidationException::forRuleNotFound('alphanum')
#1 D:\xampp\htdocs\kinesport\system\Validation\Validation.php(151): CodeIgniter\Validation\Validation->processRules('Clave', 'Clave', '12345', Array, Array)
#2 D:\xampp\htdocs\kinesport\system\BaseModel.php(1347): CodeIgniter\Validation\Validation->run(Array, NULL, NULL)
#3 D:\xampp\htdocs\kinesport\system\BaseModel.php(707): CodeIgniter\BaseModel->validate(Array)
#4 D:\xampp\htdocs\kinesport\system\Model.php(620): CodeIgniter\BaseModel->insert(Array, true)
#5 D:\xampp\htdocs\kinesport\app\Controllers\API\Usuarios.php(24): CodeIgniter\Model->insert(Object(stdClass))
#6 D:\xampp\htdocs\kinesport\system\CodeIgniter.php(824): App\Controllers\API\Usuarios->create()
#7 D:\xampp\htdocs\kinesport\system\CodeIgniter.php(410): CodeIgniter\CodeIgniter->runController(Object(App\Controllers\API\Usuarios))
#8 D:\xampp\htdocs\kinesport\system\CodeIgniter.php(318): CodeIgniter\CodeIgniter->handleRequest(NULL, Object(Config\Cache), false)
#9 D:\xampp\htdocs\kinesport\public\index.php(37): CodeIgniter\CodeIgniter->run()
#10 {main}
CRITICAL - 2021-12-21 18:57:44 --> alphanum is not a valid rule.
#0 D:\xampp\htdocs\kinesport\system\Validation\Validation.php(285): CodeIgniter\Validation\Exceptions\ValidationException::forRuleNotFound('alphanum')
#1 D:\xampp\htdocs\kinesport\system\Validation\Validation.php(151): CodeIgniter\Validation\Validation->processRules('Clave', 'Clave', '12345', Array, Array)
#2 D:\xampp\htdocs\kinesport\system\BaseModel.php(1347): CodeIgniter\Validation\Validation->run(Array, NULL, NULL)
#3 D:\xampp\htdocs\kinesport\system\BaseModel.php(707): CodeIgniter\BaseModel->validate(Array)
#4 D:\xampp\htdocs\kinesport\system\Model.php(620): CodeIgniter\BaseModel->insert(Array, true)
#5 D:\xampp\htdocs\kinesport\app\Controllers\API\Usuarios.php(24): CodeIgniter\Model->insert(Object(stdClass))
#6 D:\xampp\htdocs\kinesport\system\CodeIgniter.php(824): App\Controllers\API\Usuarios->create()
#7 D:\xampp\htdocs\kinesport\system\CodeIgniter.php(410): CodeIgniter\CodeIgniter->runController(Object(App\Controllers\API\Usuarios))
#8 D:\xampp\htdocs\kinesport\system\CodeIgniter.php(318): CodeIgniter\CodeIgniter->handleRequest(NULL, Object(Config\Cache), false)
#9 D:\xampp\htdocs\kinesport\public\index.php(37): CodeIgniter\CodeIgniter->run()
#10 {main}
CRITICAL - 2021-12-21 18:57:58 --> alphanum is not a valid rule.
#0 D:\xampp\htdocs\kinesport\system\Validation\Validation.php(285): CodeIgniter\Validation\Exceptions\ValidationException::forRuleNotFound('alphanum')
#1 D:\xampp\htdocs\kinesport\system\Validation\Validation.php(151): CodeIgniter\Validation\Validation->processRules('Clave', 'Clave', '12345', Array, Array)
#2 D:\xampp\htdocs\kinesport\system\BaseModel.php(1347): CodeIgniter\Validation\Validation->run(Array, NULL, NULL)
#3 D:\xampp\htdocs\kinesport\system\BaseModel.php(707): CodeIgniter\BaseModel->validate(Array)
#4 D:\xampp\htdocs\kinesport\system\Model.php(620): CodeIgniter\BaseModel->insert(Array, true)
#5 D:\xampp\htdocs\kinesport\app\Controllers\API\Usuarios.php(24): CodeIgniter\Model->insert(Object(stdClass))
#6 D:\xampp\htdocs\kinesport\system\CodeIgniter.php(824): App\Controllers\API\Usuarios->create()
#7 D:\xampp\htdocs\kinesport\system\CodeIgniter.php(410): CodeIgniter\CodeIgniter->runController(Object(App\Controllers\API\Usuarios))
#8 D:\xampp\htdocs\kinesport\system\CodeIgniter.php(318): CodeIgniter\CodeIgniter->handleRequest(NULL, Object(Config\Cache), false)
#9 D:\xampp\htdocs\kinesport\public\index.php(37): CodeIgniter\CodeIgniter->run()
#10 {main}
CRITICAL - 2021-12-21 18:58:00 --> alphanum is not a valid rule.
#0 D:\xampp\htdocs\kinesport\system\Validation\Validation.php(285): CodeIgniter\Validation\Exceptions\ValidationException::forRuleNotFound('alphanum')
#1 D:\xampp\htdocs\kinesport\system\Validation\Validation.php(151): CodeIgniter\Validation\Validation->processRules('Clave', 'Clave', '12345', Array, Array)
#2 D:\xampp\htdocs\kinesport\system\BaseModel.php(1347): CodeIgniter\Validation\Validation->run(Array, NULL, NULL)
#3 D:\xampp\htdocs\kinesport\system\BaseModel.php(707): CodeIgniter\BaseModel->validate(Array)
#4 D:\xampp\htdocs\kinesport\system\Model.php(620): CodeIgniter\BaseModel->insert(Array, true)
#5 D:\xampp\htdocs\kinesport\app\Controllers\API\Usuarios.php(24): CodeIgniter\Model->insert(Object(stdClass))
#6 D:\xampp\htdocs\kinesport\system\CodeIgniter.php(824): App\Controllers\API\Usuarios->create()
#7 D:\xampp\htdocs\kinesport\system\CodeIgniter.php(410): CodeIgniter\CodeIgniter->runController(Object(App\Controllers\API\Usuarios))
#8 D:\xampp\htdocs\kinesport\system\CodeIgniter.php(318): CodeIgniter\CodeIgniter->handleRequest(NULL, Object(Config\Cache), false)
#9 D:\xampp\htdocs\kinesport\public\index.php(37): CodeIgniter\CodeIgniter->run()
#10 {main}
ERROR - 2021-12-21 18:58:32 --> Cannot add or update a child row: a foreign key constraint fails (`kinesport`.`usuario`, CONSTRAINT `usuario_ibfk_1` FOREIGN KEY (`IdPersona`) REFERENCES `persona` (`IdPersona`) ON DELETE CASCADE ON UPDATE CASCADE)
ERROR - 2021-12-21 19:01:03 --> Cannot add or update a child row: a foreign key constraint fails (`kinesport`.`usuario`, CONSTRAINT `usuario_ibfk_1` FOREIGN KEY (`IdPersona`) REFERENCES `persona` (`IdPersona`) ON DELETE CASCADE ON UPDATE CASCADE)
CRITICAL - 2021-12-21 19:05:12 --> Class "Config\Validacion" not found
#0 D:\xampp\htdocs\kinesport\system\Validation\Validation.php(115): CodeIgniter\Validation\Validation->loadRuleSets()
#1 D:\xampp\htdocs\kinesport\system\BaseModel.php(1347): CodeIgniter\Validation\Validation->run(Array, NULL, NULL)
#2 D:\xampp\htdocs\kinesport\system\BaseModel.php(707): CodeIgniter\BaseModel->validate(Array)
#3 D:\xampp\htdocs\kinesport\system\Model.php(620): CodeIgniter\BaseModel->insert(Array, true)
#4 D:\xampp\htdocs\kinesport\app\Controllers\API\Usuarios.php(24): CodeIgniter\Model->insert(Object(stdClass))
#5 D:\xampp\htdocs\kinesport\system\CodeIgniter.php(824): App\Controllers\API\Usuarios->create()
#6 D:\xampp\htdocs\kinesport\system\CodeIgniter.php(410): CodeIgniter\CodeIgniter->runController(Object(App\Controllers\API\Usuarios))
#7 D:\xampp\htdocs\kinesport\system\CodeIgniter.php(318): CodeIgniter\CodeIgniter->handleRequest(NULL, Object(Config\Cache), false)
#8 D:\xampp\htdocs\kinesport\public\index.php(37): CodeIgniter\CodeIgniter->run()
#9 {main}
CRITICAL - 2021-12-21 19:05:21 --> Class "Config\Validacion" not found
#0 D:\xampp\htdocs\kinesport\system\Validation\Validation.php(115): CodeIgniter\Validation\Validation->loadRuleSets()
#1 D:\xampp\htdocs\kinesport\system\BaseModel.php(1347): CodeIgniter\Validation\Validation->run(Array, NULL, NULL)
#2 D:\xampp\htdocs\kinesport\system\BaseModel.php(707): CodeIgniter\BaseModel->validate(Array)
#3 D:\xampp\htdocs\kinesport\system\Model.php(620): CodeIgniter\BaseModel->insert(Array, true)
#4 D:\xampp\htdocs\kinesport\app\Controllers\API\Usuarios.php(24): CodeIgniter\Model->insert(Object(stdClass))
#5 D:\xampp\htdocs\kinesport\system\CodeIgniter.php(824): App\Controllers\API\Usuarios->create()
#6 D:\xampp\htdocs\kinesport\system\CodeIgniter.php(410): CodeIgniter\CodeIgniter->runController(Object(App\Controllers\API\Usuarios))
#7 D:\xampp\htdocs\kinesport\system\CodeIgniter.php(318): CodeIgniter\CodeIgniter->handleRequest(NULL, Object(Config\Cache), false)
#8 D:\xampp\htdocs\kinesport\public\index.php(37): CodeIgniter\CodeIgniter->run()
#9 {main}
CRITICAL - 2021-12-21 19:05:29 --> Class "Config\Validacion" not found
#0 D:\xampp\htdocs\kinesport\system\Validation\Validation.php(115): CodeIgniter\Validation\Validation->loadRuleSets()
#1 D:\xampp\htdocs\kinesport\system\BaseModel.php(1347): CodeIgniter\Validation\Validation->run(Array, NULL, NULL)
#2 D:\xampp\htdocs\kinesport\system\BaseModel.php(707): CodeIgniter\BaseModel->validate(Array)
#3 D:\xampp\htdocs\kinesport\system\Model.php(620): CodeIgniter\BaseModel->insert(Array, true)
#4 D:\xampp\htdocs\kinesport\app\Controllers\API\Usuarios.php(24): CodeIgniter\Model->insert(Object(stdClass))
#5 D:\xampp\htdocs\kinesport\system\CodeIgniter.php(824): App\Controllers\API\Usuarios->create()
#6 D:\xampp\htdocs\kinesport\system\CodeIgniter.php(410): CodeIgniter\CodeIgniter->runController(Object(App\Controllers\API\Usuarios))
#7 D:\xampp\htdocs\kinesport\system\CodeIgniter.php(318): CodeIgniter\CodeIgniter->handleRequest(NULL, Object(Config\Cache), false)
#8 D:\xampp\htdocs\kinesport\public\index.php(37): CodeIgniter\CodeIgniter->run()
#9 {main}
CRITICAL - 2021-12-21 19:05:53 --> Class "Config\Validacion" not found
#0 D:\xampp\htdocs\kinesport\system\Validation\Validation.php(115): CodeIgniter\Validation\Validation->loadRuleSets()
#1 D:\xampp\htdocs\kinesport\system\BaseModel.php(1347): CodeIgniter\Validation\Validation->run(Array, NULL, NULL)
#2 D:\xampp\htdocs\kinesport\system\BaseModel.php(707): CodeIgniter\BaseModel->validate(Array)
#3 D:\xampp\htdocs\kinesport\system\Model.php(620): CodeIgniter\BaseModel->insert(Array, true)
#4 D:\xampp\htdocs\kinesport\app\Controllers\API\Usuarios.php(24): CodeIgniter\Model->insert(Object(stdClass))
#5 D:\xampp\htdocs\kinesport\system\CodeIgniter.php(824): App\Controllers\API\Usuarios->create()
#6 D:\xampp\htdocs\kinesport\system\CodeIgniter.php(410): CodeIgniter\CodeIgniter->runController(Object(App\Controllers\API\Usuarios))
#7 D:\xampp\htdocs\kinesport\system\CodeIgniter.php(318): CodeIgniter\CodeIgniter->handleRequest(NULL, Object(Config\Cache), false)
#8 D:\xampp\htdocs\kinesport\public\index.php(37): CodeIgniter\CodeIgniter->run()
#9 {main}
CRITICAL - 2021-12-21 19:07:32 --> Class "Config\Validacion" not found
#0 D:\xampp\htdocs\kinesport\system\Validation\Validation.php(115): CodeIgniter\Validation\Validation->loadRuleSets()
#1 D:\xampp\htdocs\kinesport\system\BaseModel.php(1347): CodeIgniter\Validation\Validation->run(Array, NULL, NULL)
#2 D:\xampp\htdocs\kinesport\system\BaseModel.php(707): CodeIgniter\BaseModel->validate(Array)
#3 D:\xampp\htdocs\kinesport\system\Model.php(620): CodeIgniter\BaseModel->insert(Array, true)
#4 D:\xampp\htdocs\kinesport\app\Controllers\API\Usuarios.php(24): CodeIgniter\Model->insert(Object(stdClass))
#5 D:\xampp\htdocs\kinesport\system\CodeIgniter.php(824): App\Controllers\API\Usuarios->create()
#6 D:\xampp\htdocs\kinesport\system\CodeIgniter.php(410): CodeIgniter\CodeIgniter->runController(Object(App\Controllers\API\Usuarios))
#7 D:\xampp\htdocs\kinesport\system\CodeIgniter.php(318): CodeIgniter\CodeIgniter->handleRequest(NULL, Object(Config\Cache), false)
#8 D:\xampp\htdocs\kinesport\public\index.php(37): CodeIgniter\CodeIgniter->run()
#9 {main}
